2013  75  0  0    -7
2013  75  0  1    -7
2013  75  0  2    -7
2013  75  0  3    -8
2013  75  0  4    -8
2013  75  0  5    -7
2013  75  0  6    -7
2013  75  0  7    -7
2013  75  0  8    -8
2013  75  0  9    -8
2013  75  0 10    -7
2013  75  0 11    -7
2013  75  0 12    -7
2013  75  0 13    -7
2013  75  0 14    -7
2013  75  0 15    -7
2013  75  0 16    -7
2013  75  0 17    -7
2013  75  0 18    -7
2013  75  0 19    -8
2013  75  0 20    -7
2013  75  0 21    -8
2013  75  0 22    -8
2013  75  0 23    -8
2013  75  0 24    -8
2013  75  0 25    -8
2013  75  0 26    -9
2013  75  0 27    -9
2013  75  0 28    -8
2013  75  0 29    -9
2013  75  0 30    -9
2013  75  0 31    -9
2013  75  0 32    -9
2013  75  0 33    -9
2013  75  0 34    -9
2013  75  0 35    -9
2013  75  0 36    -9
2013  75  0 37    -9
2013  75  0 38    -9
2013  75  0 39    -9
2013  75  0 40    -9
2013  75  0 41    -9
2013  75  0 42   -10
2013  75  0 43    -9
2013  75  0 44   -10
2013  75  0 45   -10
2013  75  0 46   -10
2013  75  0 47   -10
2013  75  0 48   -10
2013  75  0 49   -10
2013  75  0 50   -10
2013  75  0 51   -10
2013  75  0 52   -11
2013  75  0 53   -11
2013  75  0 54   -11
2013  75  0 55   -11
2013  75  0 56   -11
2013  75  0 57   -11
2013  75  0 58   -11
2013  75  0 59   -12
2013  75  1  0   -12
2013  75  1  1   -12
2013  75  1  2   -12
2013  75  1  3   -12
2013  75  1  4   -12
2013  75  1  5   -12
2013  75  1  6   -12
2013  75  1  7   -12
2013  75  1  8   -12
2013  75  1  9   -12
2013  75  1 10   -12
2013  75  1 11   -11
2013  75  1 12   -11
2013  75  1 13   -12
2013  75  1 14   -12
2013  75  1 15   -12
2013  75  1 16   -12
2013  75  1 17   -12
2013  75  1 18   -12
2013  75  1 19   -12
2013  75  1 20   -12
2013  75  1 21   -12
2013  75  1 22   -11
2013  75  1 23   -11
2013  75  1 24   -11
2013  75  1 25   -11
2013  75  1 26   -12
2013  75  1 27   -11
2013  75  1 28   -11
2013  75  1 29   -12
2013  75  1 30   -11
2013  75  1 31   -12
2013  75  1 32   -11
2013  75  1 33   -11
2013  75  1 34   -11
2013  75  1 35   -12
2013  75  1 36   -11
2013  75  1 37   -11
2013  75  1 38   -11
2013  75  1 39   -11
2013  75  1 40   -11
2013  75  1 41   -11
2013  75  1 42   -12
2013  75  1 43   -12
2013  75  1 44   -12
2013  75  1 45   -13
2013  75  1 46   -12
2013  75  1 47   -12
2013  75  1 48   -12
2013  75  1 49   -12
2013  75  1 50   -11
2013  75  1 51   -11
2013  75  1 52   -11
2013  75  1 53   -11
2013  75  1 54   -10
2013  75  1 55   -10
2013  75  1 56   -10
2013  75  1 57    -9
2013  75  1 58    -9
2013  75  1 59    -9
2013  75  2  0    -9
2013  75  2  1    -9
2013  75  2  2   -10
2013  75  2  3   -10
2013  75  2  4   -10
2013  75  2  5   -10
2013  75  2  6   -10
2013  75  2  7    -9
2013  75  2  8    -9
2013  75  2  9    -9
2013  75  2 10    -9
2013  75  2 11   -10
2013  75  2 12   -10
2013  75  2 13   -10
2013  75  2 14   -11
2013  75  2 15   -11
2013  75  2 16   -11
2013  75  2 17   -12
2013  75  2 18   -12
2013  75  2 19   -12
2013  75  2 20   -12
2013  75  2 21   -12
2013  75  2 22   -13
2013  75  2 23   -13
2013  75  2 24   -14
2013  75  2 25   -13
2013  75  2 26   -14
2013  75  2 27   -14
2013  75  2 28   -14
2013  75  2 29   -14
2013  75  2 30   -14
2013  75  2 31   -15
2013  75  2 32   -15
2013  75  2 33   -15
2013  75  2 34   -15
2013  75  2 35   -15
2013  75  2 36   -15
2013  75  2 37   -15
2013  75  2 38   -15
2013  75  2 39   -15
2013  75  2 40   -15
2013  75  2 41   -16
2013  75  2 42   -16
2013  75  2 43   -17
2013  75  2 44   -17
2013  75  2 45   -17
2013  75  2 46   -18
2013  75  2 47   -18
2013  75  2 48   -18
2013  75  2 49   -17
2013  75  2 50   -17
2013  75  2 51   -17
2013  75  2 52   -17
2013  75  2 53   -17
2013  75  2 54   -17
2013  75  2 55   -17
2013  75  2 56   -17
2013  75  2 57   -18
2013  75  2 58   -18
2013  75  2 59   -19
2013  75  3  0   -19
2013  75  3  1   -20
2013  75  3  2   -20
2013  75  3  3   -21
2013  75  3  4   -22
2013  75  3  5   -22
2013  75  3  6   -23
2013  75  3  7   -23
2013  75  3  8   -23
2013  75  3  9   -23
2013  75  3 10   -23
2013  75  3 11   -23
2013  75  3 12   -22
2013  75  3 13   -22
2013  75  3 14   -23
2013  75  3 15   -23
2013  75  3 16   -23
2013  75  3 17   -24
2013  75  3 18   -24
2013  75  3 19   -24
2013  75  3 20   -24
2013  75  3 21   -24
2013  75  3 22   -24
2013  75  3 23   -24
2013  75  3 24   -24
2013  75  3 25   -24
2013  75  3 26   -24
2013  75  3 27   -24
2013  75  3 28   -24
2013  75  3 29   -25
2013  75  3 30   -25
2013  75  3 31   -24
2013  75  3 32   -24
2013  75  3 33   -24
2013  75  3 34   -24
2013  75  3 35   -24
2013  75  3 36   -24
2013  75  3 37   -24
2013  75  3 38   -24
2013  75  3 39   -23
2013  75  3 40   -23
2013  75  3 41   -22
2013  75  3 42   -21
2013  75  3 43   -21
2013  75  3 44   -21
2013  75  3 45   -21
2013  75  3 46   -21
2013  75  3 47   -21
2013  75  3 48   -21
2013  75  3 49   -21
2013  75  3 50   -21
2013  75  3 51   -20
2013  75  3 52   -20
2013  75  3 53   -20
2013  75  3 54   -19
2013  75  3 55   -19
2013  75  3 56   -19
2013  75  3 57   -19
2013  75  3 58   -19
2013  75  3 59   -19
2013  75  4  0   -19
2013  75  4  1   -18
2013  75  4  2   -18
2013  75  4  3   -18
2013  75  4  4   -18
2013  75  4  5   -17
2013  75  4  6   -17
2013  75  4  7   -16
2013  75  4  8   -16
2013  75  4  9   -16
2013  75  4 10   -16
2013  75  4 11   -16
2013  75  4 12   -16
2013  75  4 13   -16
2013  75  4 14   -16
2013  75  4 15   -16
2013  75  4 16   -16
2013  75  4 17   -16
2013  75  4 18   -16
2013  75  4 19   -17
2013  75  4 20   -18
2013  75  4 21   -19
2013  75  4 22   -19
2013  75  4 23   -20
2013  75  4 24   -20
2013  75  4 25   -21
2013  75  4 26   -22
2013  75  4 27   -22
2013  75  4 28   -22
2013  75  4 29   -22
2013  75  4 30   -22
2013  75  4 31   -23
2013  75  4 32   -22
2013  75  4 33   -22
2013  75  4 34   -22
2013  75  4 35   -22
2013  75  4 36   -22
2013  75  4 37   -21
2013  75  4 38   -21
2013  75  4 39   -21
2013  75  4 40   -21
2013  75  4 41   -20
2013  75  4 42   -20
2013  75  4 43   -20
2013  75  4 44   -21
2013  75  4 45   -21
2013  75  4 46   -21
2013  75  4 47   -21
2013  75  4 48   -21
2013  75  4 49   -20
2013  75  4 50   -19
2013  75  4 51   -19
2013  75  4 52   -18
2013  75  4 53   -17
2013  75  4 54   -17
2013  75  4 55   -17
2013  75  4 56   -17
2013  75  4 57   -17
2013  75  4 58   -18
2013  75  4 59   -18
2013  75  5  0   -18
2013  75  5  1   -19
2013  75  5  2   -18
2013  75  5  3   -19
2013  75  5  4   -19
2013  75  5  5   -18
2013  75  5  6   -18
2013  75  5  7   -19
2013  75  5  8   -19
2013  75  5  9   -19
2013  75  5 10   -20
2013  75  5 11   -20
2013  75  5 12   -20
2013  75  5 13   -20
2013  75  5 14   -21
2013  75  5 15   -21
2013  75  5 16   -21
2013  75  5 17   -22
2013  75  5 18   -22
2013  75  5 19   -23
2013  75  5 20   -23
2013  75  5 21   -24
2013  75  5 22   -25
2013  75  5 23   -24
2013  75  5 24   -24
2013  75  5 25   -24
2013  75  5 26   -23
2013  75  5 27   -23
2013  75  5 28   -24
2013  75  5 29   -24
2013  75  5 30   -24
2013  75  5 31   -24
2013  75  5 32   -24
2013  75  5 33   -25
2013  75  5 34   -24
2013  75  5 35   -24
2013  75  5 36   -24
2013  75  5 37   -25
2013  75  5 38   -25
2013  75  5 39   -25
2013  75  5 40   -25
2013  75  5 41   -25
2013  75  5 42   -25
2013  75  5 43   -25
2013  75  5 44   -25
2013  75  5 45   -26
2013  75  5 46   -25
2013  75  5 47   -25
2013  75  5 48   -26
2013  75  5 49   -26
2013  75  5 50   -26
2013  75  5 51   -26
2013  75  5 52   -26
2013  75  5 53   -26
2013  75  5 54   -27
2013  75  5 55   -27
2013  75  5 56   -27
2013  75  5 57   -27
2013  75  5 58   -28
2013  75  5 59   -27
2013  75  6  0   -27
2013  75  6  1   -26
2013  75  6  2   -26
2013  75  6  3   -27
2013  75  6  4   -27
2013  75  6  5   -28
2013  75  6  6   -28
2013  75  6  7   -29
2013  75  6  8   -29
2013  75  6  9   -29
2013  75  6 10   -29
2013  75  6 11   -29
2013  75  6 12   -29
2013  75  6 13   -29
2013  75  6 14   -29
2013  75  6 15   -30
2013  75  6 16   -29
2013  75  6 17   -30
2013  75  6 18   -29
2013  75  6 19   -29
2013  75  6 20   -29
2013  75  6 21   -29
2013  75  6 22   -29
2013  75  6 23   -29
2013  75  6 24   -29
2013  75  6 25   -29
2013  75  6 26   -28
2013  75  6 27   -28
2013  75  6 28   -28
2013  75  6 29   -27
2013  75  6 30   -27
2013  75  6 31   -28
2013  75  6 32   -28
2013  75  6 33   -28
2013  75  6 34   -28
2013  75  6 35   -28
2013  75  6 36   -27
2013  75  6 37   -27
2013  75  6 38   -26
2013  75  6 39   -25
2013  75  6 40   -25
2013  75  6 41   -25
2013  75  6 42   -25
2013  75  6 43   -25
2013  75  6 44   -24
2013  75  6 45   -24
2013  75  6 46   -23
2013  75  6 47   -23
2013  75  6 48   -22
2013  75  6 49   -22
2013  75  6 50   -22
2013  75  6 51   -23
2013  75  6 52   -23
2013  75  6 53   -22
2013  75  6 54   -22
2013  75  6 55   -22
2013  75  6 56   -22
2013  75  6 57   -22
2013  75  6 58   -23
2013  75  6 59   -22
2013  75  7  0   -23
2013  75  7  1   -22
2013  75  7  2   -22
2013  75  7  3   -23
2013  75  7  4   -23
2013  75  7  5   -23
2013  75  7  6   -23
2013  75  7  7   -23
2013  75  7  8   -23
2013  75  7  9   -23
2013  75  7 10   -23
2013  75  7 11   -24
2013  75  7 12   -25
2013  75  7 13   -25
2013  75  7 14   -26
2013  75  7 15   -26
2013  75  7 16   -26
2013  75  7 17   -27
2013  75  7 18   -26
2013  75  7 19   -26
2013  75  7 20   -26
2013  75  7 21   -26
2013  75  7 22   -26
2013  75  7 23   -26
2013  75  7 24   -26
2013  75  7 25   -25
2013  75  7 26   -26
2013  75  7 27   -26
2013  75  7 28   -26
2013  75  7 29   -26
2013  75  7 30   -25
2013  75  7 31   -24
2013  75  7 32   -24
2013  75  7 33   -23
2013  75  7 34   -22
2013  75  7 35   -22
2013  75  7 36   -22
2013  75  7 37   -21
2013  75  7 38   -21
2013  75  7 39   -22
2013  75  7 40   -21
2013  75  7 41   -21
2013  75  7 42   -20
2013  75  7 43   -19
2013  75  7 44   -18
2013  75  7 45   -19
2013  75  7 46   -20
2013  75  7 47   -21
2013  75  7 48   -20
2013  75  7 49   -20
2013  75  7 50   -20
2013  75  7 51   -19
2013  75  7 52   -19
2013  75  7 53   -18
2013  75  7 54   -18
2013  75  7 55   -19
2013  75  7 56   -19
2013  75  7 57   -19
2013  75  7 58   -19
2013  75  7 59   -21
2013  75  8  0   -21
2013  75  8  1   -21
2013  75  8  2   -22
2013  75  8  3   -22
2013  75  8  4   -22
2013  75  8  5   -23
2013  75  8  6   -23
2013  75  8  7   -22
2013  75  8  8   -22
2013  75  8  9   -22
2013  75  8 10   -22
2013  75  8 11   -22
2013  75  8 12   -22
2013  75  8 13   -22
2013  75  8 14   -22
2013  75  8 15   -22
2013  75  8 16   -22
2013  75  8 17   -22
2013  75  8 18   -22
2013  75  8 19   -22
2013  75  8 20   -22
2013  75  8 21   -22
2013  75  8 22   -21
2013  75  8 23   -21
2013  75  8 24   -21
2013  75  8 25   -22
2013  75  8 26   -21
2013  75  8 27   -21
2013  75  8 28   -22
2013  75  8 29   -22
2013  75  8 30   -23
2013  75  8 31   -23
2013  75  8 32   -23
2013  75  8 33   -24
2013  75  8 34   -24
2013  75  8 35   -25
2013  75  8 36   -25
2013  75  8 37   -25
2013  75  8 38   -25
2013  75  8 39   -25
2013  75  8 40   -25
2013  75  8 41   -25
2013  75  8 42   -25
2013  75  8 43   -25
2013  75  8 44   -25
2013  75  8 45   -25
2013  75  8 46   -25
2013  75  8 47   -25
2013  75  8 48   -25
2013  75  8 49   -25
2013  75  8 50   -24
2013  75  8 51   -24
2013  75  8 52   -24
2013  75  8 53   -23
2013  75  8 54   -24
2013  75  8 55   -23
2013  75  8 56   -23
2013  75  8 57   -24
2013  75  8 58   -24
2013  75  8 59   -24
2013  75  9  0   -25
2013  75  9  1   -25
2013  75  9  2   -25
2013  75  9  3   -25
2013  75  9  4   -25
2013  75  9  5   -25
2013  75  9  6   -25
2013  75  9  7   -25
2013  75  9  8   -25
2013  75  9  9   -25
2013  75  9 10   -25
2013  75  9 11   -25
2013  75  9 12   -25
2013  75  9 13   -25
2013  75  9 14   -25
2013  75  9 15   -25
2013  75  9 16   -25
2013  75  9 17   -25
2013  75  9 18   -25
2013  75  9 19   -25
2013  75  9 20   -25
2013  75  9 21   -24
2013  75  9 22   -24
2013  75  9 23   -24
2013  75  9 24   -24
2013  75  9 25   -24
2013  75  9 26   -23
2013  75  9 27   -23
2013  75  9 28   -24
2013  75  9 29   -24
2013  75  9 30   -24
2013  75  9 31   -25
2013  75  9 32   -25
2013  75  9 33   -26
2013  75  9 34   -26
2013  75  9 35   -26
2013  75  9 36   -27
2013  75  9 37   -27
2013  75  9 38   -28
2013  75  9 39   -28
2013  75  9 40   -28
2013  75  9 41   -29
2013  75  9 42   -29
2013  75  9 43   -29
2013  75  9 44   -29
2013  75  9 45   -29
2013  75  9 46   -29
2013  75  9 47   -29
2013  75  9 48   -29
2013  75  9 49   -29
2013  75  9 50   -29
2013  75  9 51   -28
2013  75  9 52   -28
2013  75  9 53   -28
2013  75  9 54   -28
2013  75  9 55   -28
2013  75  9 56   -28
2013  75  9 57   -28
2013  75  9 58   -28
2013  75  9 59   -28
2013  75 10  0   -29
2013  75 10  1   -29
2013  75 10  2   -29
2013  75 10  3   -29
2013  75 10  4   -29
2013  75 10  5   -29
2013  75 10  6   -29
2013  75 10  7   -30
2013  75 10  8   -30
2013  75 10  9   -30
2013  75 10 10   -30
2013  75 10 11   -30
2013  75 10 12   -30
2013  75 10 13   -30
2013  75 10 14   -30
2013  75 10 15   -30
2013  75 10 16   -29
2013  75 10 17   -29
2013  75 10 18   -28
2013  75 10 19   -28
2013  75 10 20   -28
2013  75 10 21   -28
2013  75 10 22   -27
2013  75 10 23   -28
2013  75 10 24   -28
2013  75 10 25   -28
2013  75 10 26   -27
2013  75 10 27   -27
2013  75 10 28   -27
2013  75 10 29   -27
2013  75 10 30   -26
2013  75 10 31   -26
2013  75 10 32   -26
2013  75 10 33   -25
2013  75 10 34   -25
2013  75 10 35   -25
2013  75 10 36   -24
2013  75 10 37   -24
2013  75 10 38   -25
2013  75 10 39   -24
2013  75 10 40   -24
2013  75 10 41   -23
2013  75 10 42   -23
2013  75 10 43   -23
2013  75 10 44   -23
2013  75 10 45   -23
2013  75 10 46   -23
2013  75 10 47   -23
2013  75 10 48   -23
2013  75 10 49   -23
2013  75 10 50   -23
2013  75 10 51   -23
2013  75 10 52   -23
2013  75 10 53   -23
2013  75 10 54   -23
2013  75 10 55   -24
2013  75 10 56   -24
2013  75 10 57   -23
2013  75 10 58   -23
2013  75 10 59   -23
2013  75 11  0   -23
2013  75 11  1   -23
2013  75 11  2   -23
2013  75 11  3   -24
2013  75 11  4   -24
2013  75 11  5   -24
2013  75 11  6   -25
2013  75 11  7   -25
2013  75 11  8   -24
2013  75 11  9   -25
2013  75 11 10   -25
2013  75 11 11   -25
2013  75 11 12   -24
2013  75 11 13   -23
2013  75 11 14   -23
2013  75 11 15   -23
2013  75 11 16   -22
2013  75 11 17   -22
2013  75 11 18   -22
2013  75 11 19   -22
2013  75 11 20   -23
2013  75 11 21   -23
2013  75 11 22   -22
2013  75 11 23   -23
2013  75 11 24   -22
2013  75 11 25   -22
2013  75 11 26   -22
2013  75 11 27   -22
2013  75 11 28   -22
2013  75 11 29   -21
2013  75 11 30   -21
2013  75 11 31   -21
2013  75 11 32   -21
2013  75 11 33   -21
2013  75 11 34   -21
2013  75 11 35   -21
2013  75 11 36   -21
2013  75 11 37   -20
2013  75 11 38   -20
2013  75 11 39   -20
2013  75 11 40   -19
2013  75 11 41   -19
2013  75 11 42   -19
2013  75 11 43   -19
2013  75 11 44   -19
2013  75 11 45   -18
2013  75 11 46   -18
2013  75 11 47   -18
2013  75 11 48   -18
2013  75 11 49   -18
2013  75 11 50   -18
2013  75 11 51   -18
2013  75 11 52   -18
2013  75 11 53   -17
2013  75 11 54   -17
2013  75 11 55   -17
2013  75 11 56   -17
2013  75 11 57   -17
2013  75 11 58   -17
2013  75 11 59   -17
2013  75 12  0   -16
2013  75 12  1   -16
2013  75 12  2   -16
2013  75 12  3   -16
2013  75 12  4   -16
2013  75 12  5   -16
2013  75 12  6   -15
2013  75 12  7   -15
2013  75 12  8   -15
2013  75 12  9   -14
2013  75 12 10   -14
2013  75 12 11   -14
2013  75 12 12   -13
2013  75 12 13   -13
2013  75 12 14   -13
2013  75 12 15   -13
2013  75 12 16   -13
2013  75 12 17   -13
2013  75 12 18   -13
2013  75 12 19   -14
2013  75 12 20   -14
2013  75 12 21   -13
2013  75 12 22   -13
2013  75 12 23   -13
2013  75 12 24   -13
2013  75 12 25   -13
2013  75 12 26   -13
2013  75 12 27   -14
2013  75 12 28   -14
2013  75 12 29   -13
2013  75 12 30   -13
2013  75 12 31   -14
2013  75 12 32   -14
2013  75 12 33   -14
2013  75 12 34   -14
2013  75 12 35   -14
2013  75 12 36   -15
2013  75 12 37   -15
2013  75 12 38   -15
2013  75 12 39   -15
2013  75 12 40   -15
2013  75 12 41   -15
2013  75 12 42   -15
2013  75 12 43   -15
2013  75 12 44   -15
2013  75 12 45   -15
2013  75 12 46   -15
2013  75 12 47   -15
2013  75 12 48   -15
2013  75 12 49   -15
2013  75 12 50   -15
2013  75 12 51   -15
2013  75 12 52   -16
2013  75 12 53   -16
2013  75 12 54   -16
2013  75 12 55   -16
2013  75 12 56   -16
2013  75 12 57   -16
2013  75 12 58   -16
2013  75 12 59   -16
2013  75 13  0   -16
2013  75 13  1   -17
2013  75 13  2   -17
2013  75 13  3   -17
2013  75 13  4   -16
2013  75 13  5   -16
2013  75 13  6   -16
2013  75 13  7   -17
2013  75 13  8   -17
2013  75 13  9   -17
2013  75 13 10   -17
2013  75 13 11   -17
2013  75 13 12   -17
2013  75 13 13   -16
2013  75 13 14   -17
2013  75 13 15   -16
2013  75 13 16   -16
2013  75 13 17   -16
2013  75 13 18   -16
2013  75 13 19   -16
2013  75 13 20   -16
2013  75 13 21   -16
2013  75 13 22   -16
2013  75 13 23   -16
2013  75 13 24   -16
2013  75 13 25   -16
2013  75 13 26   -15
2013  75 13 27   -15
2013  75 13 28   -15
2013  75 13 29   -15
2013  75 13 30   -16
2013  75 13 31   -16
2013  75 13 32   -16
2013  75 13 33   -16
2013  75 13 34   -16
2013  75 13 35   -16
2013  75 13 36   -16
2013  75 13 37   -16
2013  75 13 38   -16
2013  75 13 39   -16
2013  75 13 40   -16
2013  75 13 41   -16
2013  75 13 42   -16
2013  75 13 43   -16
2013  75 13 44   -16
2013  75 13 45   -16
2013  75 13 46   -16
2013  75 13 47   -15
2013  75 13 48   -15
2013  75 13 49   -15
2013  75 13 50   -15
2013  75 13 51   -15
2013  75 13 52   -15
2013  75 13 53   -15
2013  75 13 54   -15
2013  75 13 55   -15
2013  75 13 56   -15
2013  75 13 57   -14
2013  75 13 58   -15
2013  75 13 59   -14
2013  75 14  0   -14
2013  75 14  1   -14
2013  75 14  2   -14
2013  75 14  3   -14
2013  75 14  4   -14
2013  75 14  5   -14
2013  75 14  6   -14
2013  75 14  7   -14
2013  75 14  8   -14
2013  75 14  9   -14
2013  75 14 10   -14
2013  75 14 11   -14
2013  75 14 12   -14
2013  75 14 13   -14
2013  75 14 14   -15
2013  75 14 15   -15
2013  75 14 16   -14
2013  75 14 17   -14
2013  75 14 18   -14
2013  75 14 19   -14
2013  75 14 20   -14
2013  75 14 21   -14
2013  75 14 22   -14
2013  75 14 23   -14
2013  75 14 24   -14
2013  75 14 25   -14
2013  75 14 26   -14
2013  75 14 27   -14
2013  75 14 28   -14
2013  75 14 29   -14
2013  75 14 30   -14
2013  75 14 31   -14
2013  75 14 32   -14
2013  75 14 33   -14
2013  75 14 34   -14
2013  75 14 35   -14
2013  75 14 36   -14
2013  75 14 37   -14
2013  75 14 38   -14
2013  75 14 39   -14
2013  75 14 40   -14
2013  75 14 41   -14
2013  75 14 42   -14
2013  75 14 43   -15
2013  75 14 44   -14
2013  75 14 45   -14
2013  75 14 46   -14
2013  75 14 47   -14
2013  75 14 48   -14
2013  75 14 49   -14
2013  75 14 50   -14
2013  75 14 51   -14
2013  75 14 52   -14
2013  75 14 53   -14
2013  75 14 54   -14
2013  75 14 55   -13
2013  75 14 56   -14
2013  75 14 57   -14
2013  75 14 58   -14
2013  75 14 59   -13
2013  75 15  0   -13
2013  75 15  1   -14
2013  75 15  2   -14
2013  75 15  3   -14
2013  75 15  4   -14
2013  75 15  5   -13
2013  75 15  6   -13
2013  75 15  7   -13
2013  75 15  8   -13
2013  75 15  9   -13
2013  75 15 10   -13
2013  75 15 11   -13
2013  75 15 12   -13
2013  75 15 13   -13
2013  75 15 14   -13
2013  75 15 15   -13
2013  75 15 16   -13
2013  75 15 17   -13
2013  75 15 18   -13
2013  75 15 19   -13
2013  75 15 20   -13
2013  75 15 21   -13
2013  75 15 22   -13
2013  75 15 23   -13
2013  75 15 24   -13
2013  75 15 25   -13
2013  75 15 26   -12
2013  75 15 27   -13
2013  75 15 28   -13
2013  75 15 29   -13
2013  75 15 30   -13
2013  75 15 31   -13
2013  75 15 32   -13
2013  75 15 33   -13
2013  75 15 34   -14
2013  75 15 35   -13
2013  75 15 36   -13
2013  75 15 37   -14
2013  75 15 38   -13
2013  75 15 39   -13
2013  75 15 40   -13
2013  75 15 41   -13
2013  75 15 42   -13
2013  75 15 43   -13
2013  75 15 44   -13
2013  75 15 45   -13
2013  75 15 46   -13
2013  75 15 47   -13
2013  75 15 48   -13
2013  75 15 49   -13
2013  75 15 50   -13
2013  75 15 51   -13
2013  75 15 52   -13
2013  75 15 53   -13
2013  75 15 54   -13
2013  75 15 55   -13
2013  75 15 56   -13
2013  75 15 57   -14
2013  75 15 58   -13
2013  75 15 59   -14
2013  75 16  0   -14
2013  75 16  1   -14
2013  75 16  2   -14
2013  75 16  3   -14
2013  75 16  4   -14
2013  75 16  5   -14
2013  75 16  6   -14
2013  75 16  7   -14
2013  75 16  8   -14
2013  75 16  9   -14
2013  75 16 10   -14
2013  75 16 11   -14
2013  75 16 12   -14
2013  75 16 13   -14
2013  75 16 14   -14
2013  75 16 15   -14
2013  75 16 16   -14
2013  75 16 17   -14
2013  75 16 18   -14
2013  75 16 19   -14
2013  75 16 20   -14
2013  75 16 21   -14
2013  75 16 22   -14
2013  75 16 23   -14
2013  75 16 24   -14
2013  75 16 25   -14
2013  75 16 26   -14
2013  75 16 27   -14
2013  75 16 28   -14
2013  75 16 29   -14
2013  75 16 30   -14
2013  75 16 31   -14
2013  75 16 32   -14
2013  75 16 33   -15
2013  75 16 34   -15
2013  75 16 35   -15
2013  75 16 36   -15
2013  75 16 37   -15
2013  75 16 38   -15
2013  75 16 39   -15
2013  75 16 40   -15
2013  75 16 41   -16
2013  75 16 42   -16
2013  75 16 43   -16
2013  75 16 44   -16
2013  75 16 45   -16
2013  75 16 46   -15
2013  75 16 47   -16
2013  75 16 48   -15
2013  75 16 49   -15
2013  75 16 50   -15
2013  75 16 51   -15
2013  75 16 52   -15
2013  75 16 53   -15
2013  75 16 54   -15
2013  75 16 55   -15
2013  75 16 56   -15
2013  75 16 57   -15
2013  75 16 58   -15
2013  75 16 59   -14
2013  75 17  0   -14
2013  75 17  1   -14
2013  75 17  2   -14
2013  75 17  3   -14
2013  75 17  4   -14
2013  75 17  5   -14
2013  75 17  6   -14
2013  75 17  7   -14
2013  75 17  8   -14
2013  75 17  9   -14
2013  75 17 10   -14
2013  75 17 11   -15
2013  75 17 12   -15
2013  75 17 13   -15
2013  75 17 14   -15
2013  75 17 15   -14
2013  75 17 16   -14
2013  75 17 17   -14
2013  75 17 18   -14
2013  75 17 19   -15
2013  75 17 20   -15
2013  75 17 21   -15
2013  75 17 22   -15
2013  75 17 23   -15
2013  75 17 24   -15
2013  75 17 25   -15
2013  75 17 26   -15
2013  75 17 27   -14
2013  75 17 28   -15
2013  75 17 29   -14
2013  75 17 30   -14
2013  75 17 31   -14
2013  75 17 32   -14
2013  75 17 33   -13
2013  75 17 34   -13
2013  75 17 35   -13
2013  75 17 36   -13
2013  75 17 37   -12
2013  75 17 38   -12
2013  75 17 39   -11
2013  75 17 40   -10
2013  75 17 41   -10
2013  75 17 42   -10
2013  75 17 43   -10
2013  75 17 44   -10
2013  75 17 45   -10
2013  75 17 46   -11
2013  75 17 47   -11
2013  75 17 48   -11
2013  75 17 49   -11
2013  75 17 50   -12
2013  75 17 51   -12
2013  75 17 52   -12
2013  75 17 53   -12
2013  75 17 54   -12
2013  75 17 55   -13
2013  75 17 56   -13
2013  75 17 57   -13
2013  75 17 58   -13
2013  75 17 59   -13
2013  75 18  0   -13
2013  75 18  1   -13
2013  75 18  2   -13
2013  75 18  3   -13
2013  75 18  4   -12
2013  75 18  5   -13
2013  75 18  6   -12
2013  75 18  7   -13
2013  75 18  8   -12
2013  75 18  9   -12
2013  75 18 10   -12
2013  75 18 11   -12
2013  75 18 12   -12
2013  75 18 13   -12
2013  75 18 14   -11
2013  75 18 15   -11
2013  75 18 16   -11
2013  75 18 17   -11
2013  75 18 18   -11
2013  75 18 19   -11
2013  75 18 20   -10
2013  75 18 21   -11
2013  75 18 22   -11
2013  75 18 23   -10
2013  75 18 24   -10
2013  75 18 25   -10
2013  75 18 26   -10
2013  75 18 27   -10
2013  75 18 28   -10
2013  75 18 29   -10
2013  75 18 30   -10
2013  75 18 31   -10
2013  75 18 32   -10
2013  75 18 33   -10
2013  75 18 34   -10
2013  75 18 35   -10
2013  75 18 36   -10
2013  75 18 37   -10
2013  75 18 38   -10
2013  75 18 39    -9
2013  75 18 40    -9
2013  75 18 41    -8
2013  75 18 42    -8
2013  75 18 43    -7
2013  75 18 44    -6
2013  75 18 45    -5
2013  75 18 46    -4
2013  75 18 47    -4
2013  75 18 48    -4
2013  75 18 49    -4
2013  75 18 50    -5
2013  75 18 51    -5
2013  75 18 52    -6
2013  75 18 53    -6
2013  75 18 54    -7
2013  75 18 55    -7
2013  75 18 56    -7
2013  75 18 57    -8
2013  75 18 58    -8
2013  75 18 59    -8
2013  75 19  0    -8
2013  75 19  1    -9
2013  75 19  2    -9
2013  75 19  3    -9
2013  75 19  4    -9
2013  75 19  5    -9
2013  75 19  6    -8
2013  75 19  7    -8
2013  75 19  8    -8
2013  75 19  9    -8
2013  75 19 10    -9
2013  75 19 11    -8
2013  75 19 12    -7
2013  75 19 13    -8
2013  75 19 14    -7
2013  75 19 15    -7
2013  75 19 16    -7
2013  75 19 17    -7
2013  75 19 18    -6
2013  75 19 19    -6
2013  75 19 20    -6
2013  75 19 21    -6
2013  75 19 22    -6
2013  75 19 23    -6
2013  75 19 24    -6
2013  75 19 25    -6
2013  75 19 26    -6
2013  75 19 27    -6
2013  75 19 28    -7
2013  75 19 29    -7
2013  75 19 30    -8
2013  75 19 31    -8
2013  75 19 32    -9
2013  75 19 33    -9
2013  75 19 34    -9
2013  75 19 35    -9
2013  75 19 36    -9
2013  75 19 37    -9
2013  75 19 38    -9
2013  75 19 39    -9
2013  75 19 40    -8
2013  75 19 41    -8
2013  75 19 42    -8
2013  75 19 43    -8
2013  75 19 44    -7
2013  75 19 45    -7
2013  75 19 46    -7
2013  75 19 47    -7
2013  75 19 48    -7
2013  75 19 49    -6
2013  75 19 50    -6
2013  75 19 51    -6
2013  75 19 52    -6
2013  75 19 53    -6
2013  75 19 54    -6
2013  75 19 55    -6
2013  75 19 56    -6
2013  75 19 57    -6
2013  75 19 58    -6
2013  75 19 59    -6
2013  75 20  0    -6
2013  75 20  1    -6
2013  75 20  2    -6
2013  75 20  3    -6
2013  75 20  4    -6
2013  75 20  5    -6
2013  75 20  6    -6
2013  75 20  7    -6
2013  75 20  8    -6
2013  75 20  9    -6
2013  75 20 10    -5
2013  75 20 11    -5
2013  75 20 12    -5
2013  75 20 13    -5
2013  75 20 14    -5
2013  75 20 15    -5
2013  75 20 16    -5
2013  75 20 17    -5
2013  75 20 18    -5
2013  75 20 19    -5
2013  75 20 20    -5
2013  75 20 21    -5
2013  75 20 22    -5
2013  75 20 23    -6
2013  75 20 24    -6
2013  75 20 25    -6
2013  75 20 26    -6
2013  75 20 27    -6
2013  75 20 28    -6
2013  75 20 29    -6
2013  75 20 30    -7
2013  75 20 31    -6
2013  75 20 32    -6
2013  75 20 33    -6
2013  75 20 34    -7
2013  75 20 35    -7
2013  75 20 36    -6
2013  75 20 37    -7
2013  75 20 38    -7
2013  75 20 39    -8
2013  75 20 40    -8
2013  75 20 41    -9
2013  75 20 42    -9
2013  75 20 43    -9
2013  75 20 44    -9
2013  75 20 45    -9
2013  75 20 46    -9
2013  75 20 47    -8
2013  75 20 48    -8
2013  75 20 49    -8
2013  75 20 50    -8
2013  75 20 51    -8
2013  75 20 52    -9
2013  75 20 53    -8
2013  75 20 54    -8
2013  75 20 55    -8
2013  75 20 56    -8
2013  75 20 57    -8
2013  75 20 58    -9
2013  75 20 59    -9
2013  75 21  0    -9
2013  75 21  1    -9
2013  75 21  2   -10
2013  75 21  3    -9
2013  75 21  4   -10
2013  75 21  5   -10
2013  75 21  6   -10
2013  75 21  7   -10
2013  75 21  8   -10
2013  75 21  9    -9
2013  75 21 10    -9
2013  75 21 11    -9
2013  75 21 12    -9
2013  75 21 13    -9
2013  75 21 14    -8
2013  75 21 15    -8
2013  75 21 16    -8
2013  75 21 17    -7
2013  75 21 18    -8
2013  75 21 19    -8
2013  75 21 20    -8
2013  75 21 21    -7
2013  75 21 22    -7
2013  75 21 23    -7
2013  75 21 24    -7
2013  75 21 25    -7
2013  75 21 26    -7
2013  75 21 27    -8
2013  75 21 28    -8
2013  75 21 29    -9
2013  75 21 30    -9
2013  75 21 31    -9
2013  75 21 32    -9
2013  75 21 33    -9
2013  75 21 34    -9
2013  75 21 35    -9
2013  75 21 36    -9
2013  75 21 37   -10
2013  75 21 38   -10
2013  75 21 39   -10
2013  75 21 40   -11
2013  75 21 41   -11
2013  75 21 42   -11
2013  75 21 43   -12
2013  75 21 44   -12
2013  75 21 45   -13
2013  75 21 46   -13
2013  75 21 47   -13
2013  75 21 48   -13
2013  75 21 49   -12
2013  75 21 50   -12
2013  75 21 51   -12
2013  75 21 52   -13
2013  75 21 53   -13
2013  75 21 54   -13
2013  75 21 55   -13
2013  75 21 56   -13
2013  75 21 57   -13
2013  75 21 58   -13
2013  75 21 59   -13
2013  75 22  0   -13
2013  75 22  1   -14
2013  75 22  2   -14
2013  75 22  3   -14
2013  75 22  4   -15
2013  75 22  5   -15
2013  75 22  6   -15
2013  75 22  7   -15
2013  75 22  8   -15
2013  75 22  9   -15
2013  75 22 10   -15
2013  75 22 11   -15
2013  75 22 12   -16
2013  75 22 13   -15
2013  75 22 14   -16
2013  75 22 15   -16
2013  75 22 16   -16
2013  75 22 17   -16
2013  75 22 18   -17
2013  75 22 19   -17
2013  75 22 20   -16
2013  75 22 21   -16
2013  75 22 22   -16
2013  75 22 23   -16
2013  75 22 24   -16
2013  75 22 25   -15
2013  75 22 26   -15
2013  75 22 27   -15
2013  75 22 28   -15
2013  75 22 29   -15
2013  75 22 30   -16
2013  75 22 31   -16
2013  75 22 32   -17
2013  75 22 33   -17
2013  75 22 34   -17
2013  75 22 35   -17
2013  75 22 36   -17
2013  75 22 37   -17
2013  75 22 38   -17
2013  75 22 39   -16
2013  75 22 40   -17
2013  75 22 41   -17
2013  75 22 42   -17
2013  75 22 43   -17
2013  75 22 44   -17
2013  75 22 45   -17
2013  75 22 46   -17
2013  75 22 47   -17
2013  75 22 48   -17
2013  75 22 49   -17
2013  75 22 50   -17
2013  75 22 51   -17
2013  75 22 52   -17
2013  75 22 53   -17
2013  75 22 54   -17
2013  75 22 55   -17
2013  75 22 56   -17
2013  75 22 57   -17
2013  75 22 58   -16
2013  75 22 59   -15
2013  75 23  0   -15
2013  75 23  1   -15
2013  75 23  2   -15
2013  75 23  3   -14
2013  75 23  4   -14
2013  75 23  5   -14
2013  75 23  6   -13
2013  75 23  7   -13
2013  75 23  8   -14
2013  75 23  9   -14
2013  75 23 10   -14
2013  75 23 11   -14
2013  75 23 12   -14
2013  75 23 13   -15
2013  75 23 14   -15
2013  75 23 15   -14
2013  75 23 16   -14
2013  75 23 17   -14
2013  75 23 18   -15
2013  75 23 19   -15
2013  75 23 20   -15
2013  75 23 21   -15
2013  75 23 22   -15
2013  75 23 23   -15
2013  75 23 24   -15
2013  75 23 25   -15
2013  75 23 26   -15
2013  75 23 27   -15
2013  75 23 28   -15
2013  75 23 29   -15
2013  75 23 30   -15
2013  75 23 31   -16
2013  75 23 32   -16
2013  75 23 33   -16
2013  75 23 34   -16
2013  75 23 35   -15
2013  75 23 36   -14
2013  75 23 37   -14
2013  75 23 38   -13
2013  75 23 39   -13
2013  75 23 40   -13
2013  75 23 41   -13
2013  75 23 42   -14
2013  75 23 43   -14
2013  75 23 44   -14
2013  75 23 45   -14
2013  75 23 46   -13
2013  75 23 47   -13
2013  75 23 48   -13
2013  75 23 49   -13
2013  75 23 50   -12
2013  75 23 51   -13
2013  75 23 52   -13
2013  75 23 53   -13
2013  75 23 54   -14
2013  75 23 55   -14
2013  75 23 56   -14
2013  75 23 57   -14
2013  75 23 58   -14
2013  75 23 59   -14
2013  76  0  0   -14
2013  76  0  1   -14
2013  76  0  2   -14
2013  76  0  3   -14
2013  76  0  4   -14
2013  76  0  5   -14
2013  76  0  6   -14
2013  76  0  7   -14
2013  76  0  8   -14
2013  76  0  9   -14
2013  76  0 10   -14
2013  76  0 11   -14
2013  76  0 12   -15
2013  76  0 13   -15
2013  76  0 14   -15
2013  76  0 15   -15
2013  76  0 16   -15
2013  76  0 17   -15
2013  76  0 18   -15
2013  76  0 19   -15
2013  76  0 20   -14
2013  76  0 21   -14
2013  76  0 22   -14
2013  76  0 23   -14
2013  76  0 24   -13
2013  76  0 25   -13
2013  76  0 26   -13
2013  76  0 27   -13
2013  76  0 28   -14
2013  76  0 29   -14
2013  76  0 30   -14
2013  76  0 31   -14
2013  76  0 32   -14
2013  76  0 33   -14
2013  76  0 34   -14
2013  76  0 35   -14
2013  76  0 36   -14
2013  76  0 37   -14
2013  76  0 38   -15
2013  76  0 39   -15
2013  76  0 40   -15
2013  76  0 41   -15
2013  76  0 42   -15
2013  76  0 43   -16
2013  76  0 44   -16
2013  76  0 45   -16
2013  76  0 46   -16
2013  76  0 47   -16
2013  76  0 48   -16
2013  76  0 49   -17
2013  76  0 50   -17
2013  76  0 51   -17
2013  76  0 52   -17
2013  76  0 53   -17
2013  76  0 54   -16
2013  76  0 55   -16
2013  76  0 56   -16
2013  76  0 57   -15
2013  76  0 58   -15
2013  76  0 59   -16
2013  76  1  0   -16
2013  76  1  1   -16
2013  76  1  2   -15
2013  76  1  3   -16
2013  76  1  4   -16
2013  76  1  5   -15
2013  76  1  6   -15
2013  76  1  7   -15
2013  76  1  8   -15
2013  76  1  9   -14
2013  76  1 10   -14
2013  76  1 11   -14
2013  76  1 12   -14
2013  76  1 13   -14
2013  76  1 14   -14
2013  76  1 15   -14
2013  76  1 16   -14
2013  76  1 17   -15
2013  76  1 18   -14
2013  76  1 19   -14
2013  76  1 20   -14
2013  76  1 21   -14
2013  76  1 22   -14
2013  76  1 23   -14
2013  76  1 24   -14
2013  76  1 25   -14
2013  76  1 26   -14
2013  76  1 27   -14
2013  76  1 28   -14
2013  76  1 29   -14
2013  76  1 30   -14
2013  76  1 31   -14
2013  76  1 32   -15
2013  76  1 33   -15
2013  76  1 34   -15
2013  76  1 35   -15
2013  76  1 36   -15
2013  76  1 37   -15
2013  76  1 38   -15
2013  76  1 39   -15
2013  76  1 40   -15
2013  76  1 41   -14
2013  76  1 42   -13
2013  76  1 43   -14
2013  76  1 44   -14
2013  76  1 45   -13
2013  76  1 46   -12
2013  76  1 47   -12
2013  76  1 48   -12
2013  76  1 49   -11
2013  76  1 50   -11
2013  76  1 51   -12
2013  76  1 52   -12
2013  76  1 53   -12
2013  76  1 54   -12
2013  76  1 55   -12
2013  76  1 56   -11
2013  76  1 57   -11
2013  76  1 58   -11
2013  76  1 59   -11
2013  76  2  0   -11
2013  76  2  1   -11
2013  76  2  2   -11
2013  76  2  3   -11
2013  76  2  4   -11
2013  76  2  5   -11
2013  76  2  6   -11
2013  76  2  7   -10
2013  76  2  8   -10
2013  76  2  9   -10
2013  76  2 10   -10
2013  76  2 11   -10
2013  76  2 12   -10
2013  76  2 13   -10
2013  76  2 14   -11
2013  76  2 15   -11
2013  76  2 16   -10
2013  76  2 17   -10
2013  76  2 18   -11
2013  76  2 19   -10
2013  76  2 20   -10
2013  76  2 21   -10
2013  76  2 22   -10
2013  76  2 23   -10
2013  76  2 24   -10
2013  76  2 25   -10
2013  76  2 26   -10
2013  76  2 27    -9
2013  76  2 28   -10
2013  76  2 29   -10
2013  76  2 30   -10
2013  76  2 31   -10
2013  76  2 32   -10
2013  76  2 33   -10
2013  76  2 34   -10
2013  76  2 35   -10
2013  76  2 36   -11
2013  76  2 37   -11
2013  76  2 38   -11
2013  76  2 39   -11
2013  76  2 40   -11
2013  76  2 41   -11
2013  76  2 42   -11
2013  76  2 43   -11
2013  76  2 44   -11
2013  76  2 45   -11
2013  76  2 46   -11
2013  76  2 47   -11
2013  76  2 48   -11
2013  76  2 49   -11
2013  76  2 50   -11
2013  76  2 51   -11
2013  76  2 52   -10
2013  76  2 53   -11
2013  76  2 54   -10
2013  76  2 55   -10
2013  76  2 56    -9
2013  76  2 57    -9
2013  76  2 58    -9
2013  76  2 59    -9
2013  76  3  0    -9
2013  76  3  1    -9
2013  76  3  2    -9
2013  76  3  3    -9
2013  76  3  4    -9
2013  76  3  5    -9
2013  76  3  6    -9
2013  76  3  7    -8
2013  76  3  8    -9
2013  76  3  9    -9
2013  76  3 10    -9
2013  76  3 11    -9
2013  76  3 12    -9
2013  76  3 13    -9
2013  76  3 14    -9
2013  76  3 15    -9
2013  76  3 16    -9
2013  76  3 17    -8
2013  76  3 18    -8
2013  76  3 19    -8
2013  76  3 20    -8
2013  76  3 21    -8
2013  76  3 22    -8
2013  76  3 23    -8
2013  76  3 24    -8
2013  76  3 25    -8
2013  76  3 26    -8
2013  76  3 27    -7
2013  76  3 28    -7
2013  76  3 29    -7
2013  76  3 30    -7
2013  76  3 31    -8
2013  76  3 32    -8
2013  76  3 33    -8
2013  76  3 34    -8
2013  76  3 35    -8
2013  76  3 36    -8
2013  76  3 37    -8
2013  76  3 38    -8
2013  76  3 39    -8
2013  76  3 40    -9
2013  76  3 41    -8
2013  76  3 42    -8
2013  76  3 43    -8
2013  76  3 44    -8
2013  76  3 45    -8
2013  76  3 46    -8
2013  76  3 47    -8
2013  76  3 48    -8
2013  76  3 49    -8
2013  76  3 50    -8
2013  76  3 51    -9
2013  76  3 52    -8
2013  76  3 53    -8
2013  76  3 54    -8
2013  76  3 55    -8
2013  76  3 56    -8
2013  76  3 57    -8
2013  76  3 58    -9
2013  76  3 59    -9
2013  76  4  0    -9
2013  76  4  1    -9
2013  76  4  2    -9
2013  76  4  3    -9
2013  76  4  4    -9
2013  76  4  5    -9
2013  76  4  6    -9
2013  76  4  7    -9
2013  76  4  8    -9
2013  76  4  9    -9
2013  76  4 10    -9
2013  76  4 11    -9
2013  76  4 12    -9
2013  76  4 13    -9
2013  76  4 14    -9
2013  76  4 15    -9
2013  76  4 16    -9
2013  76  4 17    -9
2013  76  4 18    -9
2013  76  4 19    -8
2013  76  4 20    -8
2013  76  4 21    -8
2013  76  4 22    -8
2013  76  4 23    -8
2013  76  4 24    -8
2013  76  4 25    -8
2013  76  4 26    -9
2013  76  4 27    -9
2013  76  4 28    -9
2013  76  4 29    -9
2013  76  4 30    -9
2013  76  4 31    -9
2013  76  4 32    -8
2013  76  4 33    -8
2013  76  4 34    -8
2013  76  4 35    -8
2013  76  4 36    -8
2013  76  4 37    -8
2013  76  4 38    -8
2013  76  4 39    -9
2013  76  4 40    -9
2013  76  4 41    -9
2013  76  4 42    -9
2013  76  4 43    -9
2013  76  4 44    -9
2013  76  4 45    -9
2013  76  4 46    -9
2013  76  4 47    -9
2013  76  4 48    -8
2013  76  4 49    -8
2013  76  4 50    -8
2013  76  4 51    -8
2013  76  4 52    -7
2013  76  4 53    -7
2013  76  4 54    -7
2013  76  4 55    -7
2013  76  4 56    -7
2013  76  4 57    -7
2013  76  4 58    -7
2013  76  4 59    -7
2013  76  5  0    -7
2013  76  5  1    -8
2013  76  5  2    -7
2013  76  5  3    -7
2013  76  5  4    -8
2013  76  5  5    -7
2013  76  5  6    -7
2013  76  5  7    -7
2013  76  5  8    -7
2013  76  5  9    -7
2013  76  5 10    -7
2013  76  5 11    -8
2013  76  5 12    -8
2013  76  5 13    -8
2013  76  5 14    -8
2013  76  5 15    -8
2013  76  5 16    -8
2013  76  5 17    -7
2013  76  5 18    -8
2013  76  5 19    -7
2013  76  5 20    -8
2013  76  5 21    -8
2013  76  5 22    -7
2013  76  5 23    -8
2013  76  5 24    -8
2013  76  5 25    -8
2013  76  5 26    -9
2013  76  5 27    -9
2013  76  5 28   -10
2013  76  5 29   -10
2013  76  5 30   -10
2013  76  5 31   -11
2013  76  5 32   -10
2013  76  5 33   -10
2013  76  5 34   -11
2013  76  5 35   -10
2013  76  5 36   -11
2013  76  5 37   -10
2013  76  5 38   -11
2013  76  5 39   -11
2013  76  5 40   -11
2013  76  5 41   -10
2013  76  5 42   -11
2013  76  5 43   -11
2013  76  5 44   -11
2013  76  5 45   -11
2013  76  5 46   -11
2013  76  5 47   -10
2013  76  5 48   -10
2013  76  5 49   -10
2013  76  5 50   -11
2013  76  5 51   -11
2013  76  5 52   -10
2013  76  5 53   -10
2013  76  5 54   -10
2013  76  5 55   -10
2013  76  5 56    -9
2013  76  5 57    -8
2013  76  5 58    -9
2013  76  5 59    -7
2013  76  6  0    -7
2013  76  6  1     7
2013  76  6  2    25
2013  76  6  3    31
2013  76  6  4    33
2013  76  6  5    33
2013  76  6  6    31
2013  76  6  7    30
2013  76  6  8    30
2013  76  6  9    32
2013  76  6 10    33
2013  76  6 11    29
2013  76  6 12    29
2013  76  6 13    29
2013  76  6 14    25
2013  76  6 15    25
2013  76  6 16    25
2013  76  6 17    24
2013  76  6 18    20
2013  76  6 19    18
2013  76  6 20    18
2013  76  6 21    18
2013  76  6 22    18
2013  76  6 23    17
2013  76  6 24    18
2013  76  6 25    20
2013  76  6 26    23
2013  76  6 27    19
2013  76  6 28    17
2013  76  6 29    20
2013  76  6 30    19
2013  76  6 31    17
2013  76  6 32    19
2013  76  6 33    19
2013  76  6 34    18
2013  76  6 35    19
2013  76  6 36    21
2013  76  6 37    19
2013  76  6 38    22
2013  76  6 39    23
2013  76  6 40    22
2013  76  6 41    20
2013  76  6 42    21
2013  76  6 43    21
2013  76  6 44    21
2013  76  6 45    20
2013  76  6 46    19
2013  76  6 47    16
2013  76  6 48    14
2013  76  6 49    14
2013  76  6 50    14
2013  76  6 51    15
2013  76  6 52    13
2013  76  6 53    14
2013  76  6 54    12
2013  76  6 55    11
2013  76  6 56    11
2013  76  6 57    12
2013  76  6 58    10
2013  76  6 59    10
2013  76  7  0     9
2013  76  7  1     4
2013  76  7  2    10
2013  76  7  3    10
2013  76  7  4     8
2013  76  7  5     6
2013  76  7  6     4
2013  76  7  7     4
2013  76  7  8     3
2013  76  7  9     3
2013  76  7 10     7
2013  76  7 11     5
2013  76  7 12     3
2013  76  7 13     3
2013  76  7 14     2
2013  76  7 15     1
2013  76  7 16    -1
2013  76  7 17    -1
2013  76  7 18    -2
2013  76  7 19    -3
2013  76  7 20    -5
2013  76  7 21    -6
2013  76  7 22    -7
2013  76  7 23    -7
2013  76  7 24    -8
2013  76  7 25    -9
2013  76  7 26   -10
2013  76  7 27   -11
2013  76  7 28   -12
2013  76  7 29   -13
2013  76  7 30   -14
2013  76  7 31   -13
2013  76  7 32   -13
2013  76  7 33   -13
2013  76  7 34   -15
2013  76  7 35   -16
2013  76  7 36   -18
2013  76  7 37   -19
2013  76  7 38   -19
2013  76  7 39   -16
2013  76  7 40   -14
2013  76  7 41   -13
2013  76  7 42    -8
2013  76  7 43     5
2013  76  7 44     7
2013  76  7 45     7
2013  76  7 46     1
2013  76  7 47   -14
2013  76  7 48   -23
2013  76  7 49   -22
2013  76  7 50   -23
2013  76  7 51   -22
2013  76  7 52   -21
2013  76  7 53   -22
2013  76  7 54   -22
2013  76  7 55   -23
2013  76  7 56   -23
2013  76  7 57   -23
2013  76  7 58   -21
2013  76  7 59   -15
2013  76  8  0   -16
2013  76  8  1   -18
2013  76  8  2   -21
2013  76  8  3   -18
2013  76  8  4   -15
2013  76  8  5   -16
2013  76  8  6   -23
2013  76  8  7   -35
2013  76  8  8   -38
2013  76  8  9   -32
2013  76  8 10   -34
2013  76  8 11   -35
2013  76  8 12   -35
2013  76  8 13   -34
2013  76  8 14   -37
2013  76  8 15   -40
2013  76  8 16   -40
2013  76  8 17   -40
2013  76  8 18   -40
2013  76  8 19   -41
2013  76  8 20   -39
2013  76  8 21   -23
2013  76  8 22   -17
2013  76  8 23   -19
2013  76  8 24   -20
2013  76  8 25   -22
2013  76  8 26   -21
2013  76  8 27   -23
2013  76  8 28   -22
2013  76  8 29   -23
2013  76  8 30   -23
2013  76  8 31   -23
2013  76  8 32   -24
2013  76  8 33   -27
2013  76  8 34   -26
2013  76  8 35   -26
2013  76  8 36   -27
2013  76  8 37   -31
2013  76  8 38   -31
2013  76  8 39   -34
2013  76  8 40   -38
2013  76  8 41   -39
2013  76  8 42   -38
2013  76  8 43   -37
2013  76  8 44   -35
2013  76  8 45   -35
2013  76  8 46   -33
2013  76  8 47   -30
2013  76  8 48   -35
2013  76  8 49   -33
2013  76  8 50   -30
2013  76  8 51   -30
2013  76  8 52   -27
2013  76  8 53   -26
2013  76  8 54   -30
2013  76  8 55   -32
2013  76  8 56   -37
2013  76  8 57   -38
2013  76  8 58   -46
2013  76  8 59   -59
2013  76  9  0   -57
2013  76  9  1   -57
2013  76  9  2   -59
2013  76  9  3   -56
2013  76  9  4   -52
2013  76  9  5   -51
2013  76  9  6   -53
2013  76  9  7   -59
2013  76  9  8   -60
2013  76  9  9   -59
2013  76  9 10   -57
2013  76  9 11   -56
2013  76  9 12   -56
2013  76  9 13   -58
2013  76  9 14   -59
2013  76  9 15   -61
2013  76  9 16   -61
2013  76  9 17   -60
2013  76  9 18   -61
2013  76  9 19   -63
2013  76  9 20   -64
2013  76  9 21   -65
2013  76  9 22   -67
2013  76  9 23   -68
2013  76  9 24   -68
2013  76  9 25   -69
2013  76  9 26   -69
2013  76  9 27   -70
2013  76  9 28   -72
2013  76  9 29   -73
2013  76  9 30   -74
2013  76  9 31   -73
2013  76  9 32   -73
2013  76  9 33   -75
2013  76  9 34   -77
2013  76  9 35   -77
2013  76  9 36   -78
2013  76  9 37   -78
2013  76  9 38   -77
2013  76  9 39   -76
2013  76  9 40   -75
2013  76  9 41   -75
2013  76  9 42   -76
2013  76  9 43   -77
2013  76  9 44   -76
2013  76  9 45   -75
2013  76  9 46   -77
2013  76  9 47   -78
2013  76  9 48   -79
2013  76  9 49   -78
2013  76  9 50   -79
2013  76  9 51   -79
2013  76  9 52   -79
2013  76  9 53   -81
2013  76  9 54   -82
2013  76  9 55   -82
2013  76  9 56   -83
2013  76  9 57   -84
2013  76  9 58   -86
2013  76  9 59   -87
2013  76 10  0   -89
2013  76 10  1   -90
2013  76 10  2   -90
2013  76 10  3   -91
2013  76 10  4   -92
2013  76 10  5   -92
2013  76 10  6   -92
2013  76 10  7   -92
2013  76 10  8   -94
2013  76 10  9   -96
2013  76 10 10   -96
2013  76 10 11   -97
2013  76 10 12   -99
2013  76 10 13  -100
2013  76 10 14  -101
2013  76 10 15  -102
2013  76 10 16  -103
2013  76 10 17  -103
2013  76 10 18  -101
2013  76 10 19  -102
2013  76 10 20  -104
2013  76 10 21  -104
2013  76 10 22  -104
2013  76 10 23  -104
2013  76 10 24  -104
2013  76 10 25  -106
2013  76 10 26  -106
2013  76 10 27  -107
2013  76 10 28  -106
2013  76 10 29  -105
2013  76 10 30  -104
2013  76 10 31  -103
2013  76 10 32  -103
2013  76 10 33  -102
2013  76 10 34  -101
2013  76 10 35  -101
2013  76 10 36  -100
2013  76 10 37   -99
2013  76 10 38   -99
2013  76 10 39  -100
2013  76 10 40  -100
2013  76 10 41   -98
2013  76 10 42   -98
2013  76 10 43   -98
2013  76 10 44   -97
2013  76 10 45   -97
2013  76 10 46   -97
2013  76 10 47   -97
2013  76 10 48   -97
2013  76 10 49   -97
2013  76 10 50   -96
2013  76 10 51   -95
2013  76 10 52   -95
2013  76 10 53   -94
2013  76 10 54   -94
2013  76 10 55   -93
2013  76 10 56   -92
2013  76 10 57   -91
2013  76 10 58   -90
2013  76 10 59   -91
2013  76 11  0   -91
2013  76 11  1   -90
2013  76 11  2   -87
2013  76 11  3   -86
2013  76 11  4   -85
2013  76 11  5   -83
2013  76 11  6   -79
2013  76 11  7   -77
2013  76 11  8   -74
2013  76 11  9   -72
2013  76 11 10   -70
2013  76 11 11   -69
2013  76 11 12   -70
2013  76 11 13   -70
2013  76 11 14   -70
2013  76 11 15   -70
2013  76 11 16   -71
2013  76 11 17   -72
2013  76 11 18   -73
2013  76 11 19   -74
2013  76 11 20   -75
2013  76 11 21   -76
2013  76 11 22   -76
2013  76 11 23   -77
2013  76 11 24   -78
2013  76 11 25   -79
2013  76 11 26   -80
2013  76 11 27   -81
2013  76 11 28   -81
2013  76 11 29   -82
2013  76 11 30   -82
2013  76 11 31   -83
2013  76 11 32   -84
2013  76 11 33   -85
2013  76 11 34   -86
2013  76 11 35   -86
2013  76 11 36   -86
2013  76 11 37   -87
2013  76 11 38   -88
2013  76 11 39   -90
2013  76 11 40   -91
2013  76 11 41   -91
2013  76 11 42   -89
2013  76 11 43   -88
2013  76 11 44   -89
2013  76 11 45   -91
2013  76 11 46   -93
2013  76 11 47   -95
2013  76 11 48   -96
2013  76 11 49   -96
2013  76 11 50   -97
2013  76 11 51   -98
2013  76 11 52  -100
2013  76 11 53  -104
2013  76 11 54  -105
2013  76 11 55  -107
2013  76 11 56  -107
2013  76 11 57  -107
2013  76 11 58  -106
2013  76 11 59  -105
2013  76 12  0  -104
2013  76 12  1  -102
2013  76 12  2  -100
2013  76 12  3   -97
2013  76 12  4   -95
2013  76 12  5   -93
2013  76 12  6   -94
2013  76 12  7   -94
2013  76 12  8   -94
2013  76 12  9   -94
2013  76 12 10   -93
2013  76 12 11   -92
2013  76 12 12   -91
2013  76 12 13   -90
2013  76 12 14   -88
2013  76 12 15   -86
2013  76 12 16   -85
2013  76 12 17   -86
2013  76 12 18   -87
2013  76 12 19   -87
2013  76 12 20   -86
2013  76 12 21   -85
2013  76 12 22   -85
2013  76 12 23   -84
2013  76 12 24   -84
2013  76 12 25   -83
2013  76 12 26   -83
2013  76 12 27   -83
2013  76 12 28   -83
2013  76 12 29   -82
2013  76 12 30   -80
2013  76 12 31   -81
2013  76 12 32   -81
2013  76 12 33   -81
2013  76 12 34   -82
2013  76 12 35   -82
2013  76 12 36   -81
2013  76 12 37   -81
2013  76 12 38   -82
2013  76 12 39   -82
2013  76 12 40   -82
2013  76 12 41   -85
2013  76 12 42   -86
2013  76 12 43   -86
2013  76 12 44   -85
2013  76 12 45   -86
2013  76 12 46   -84
2013  76 12 47   -83
2013  76 12 48   -83
2013  76 12 49   -85
2013  76 12 50   -84
2013  76 12 51   -85
2013  76 12 52   -87
2013  76 12 53   -88
2013  76 12 54   -89
2013  76 12 55   -87
2013  76 12 56   -88
2013  76 12 57   -88
2013  76 12 58   -89
2013  76 12 59   -89
2013  76 13  0   -89
2013  76 13  1   -89
2013  76 13  2   -88
2013  76 13  3   -88
2013  76 13  4   -88
2013  76 13  5   -88
2013  76 13  6   -88
2013  76 13  7   -89
2013  76 13  8   -90
2013  76 13  9   -89
2013  76 13 10   -90
2013  76 13 11   -90
2013  76 13 12   -89
2013  76 13 13   -89
2013  76 13 14   -89
2013  76 13 15   -90
2013  76 13 16   -89
2013  76 13 17   -88
2013  76 13 18   -89
2013  76 13 19   -89
2013  76 13 20   -90
2013  76 13 21   -89
2013  76 13 22   -89
2013  76 13 23   -89
2013  76 13 24   -88
2013  76 13 25   -88
2013  76 13 26   -88
2013  76 13 27   -88
2013  76 13 28   -88
2013  76 13 29   -88
2013  76 13 30   -87
2013  76 13 31   -87
2013  76 13 32   -86
2013  76 13 33   -86
2013  76 13 34   -85
2013  76 13 35   -85
2013  76 13 36   -83
2013  76 13 37   -81
2013  76 13 38   -80
2013  76 13 39   -80
2013  76 13 40   -80
2013  76 13 41   -80
2013  76 13 42   -80
2013  76 13 43   -79
2013  76 13 44   -79
2013  76 13 45   -79
2013  76 13 46   -79
2013  76 13 47   -80
2013  76 13 48   -81
2013  76 13 49   -81
2013  76 13 50   -81
2013  76 13 51   -82
2013  76 13 52   -82
2013  76 13 53   -82
2013  76 13 54   -82
2013  76 13 55   -83
2013  76 13 56   -84
2013  76 13 57   -84
2013  76 13 58   -85
2013  76 13 59   -85
2013  76 14  0   -85
2013  76 14  1   -86
2013  76 14  2   -86
2013  76 14  3   -87
2013  76 14  4   -87
2013  76 14  5   -88
2013  76 14  6   -88
2013  76 14  7   -88
2013  76 14  8   -89
2013  76 14  9   -89
2013  76 14 10   -89
2013  76 14 11   -89
2013  76 14 12   -89
2013  76 14 13   -88
2013  76 14 14   -88
2013  76 14 15   -88
2013  76 14 16   -88
2013  76 14 17   -88
2013  76 14 18   -88
2013  76 14 19   -88
2013  76 14 20   -88
2013  76 14 21   -88
2013  76 14 22   -90
2013  76 14 23   -89
2013  76 14 24   -89
2013  76 14 25   -90
2013  76 14 26   -91
2013  76 14 27   -91
2013  76 14 28   -92
2013  76 14 29   -93
2013  76 14 30   -94
2013  76 14 31   -94
2013  76 14 32   -95
2013  76 14 33   -95
2013  76 14 34   -95
2013  76 14 35   -96
2013  76 14 36   -96
2013  76 14 37   -96
2013  76 14 38   -96
2013  76 14 39   -95
2013  76 14 40   -94
2013  76 14 41   -93
2013  76 14 42   -93
2013  76 14 43   -94
2013  76 14 44   -93
2013  76 14 45   -91
2013  76 14 46   -91
2013  76 14 47   -91
2013  76 14 48   -93
2013  76 14 49   -93
2013  76 14 50   -93
2013  76 14 51   -93
2013  76 14 52   -93
2013  76 14 53   -94
2013  76 14 54   -94
2013  76 14 55   -94
2013  76 14 56   -92
2013  76 14 57   -92
2013  76 14 58   -92
2013  76 14 59   -92
2013  76 15  0   -92
2013  76 15  1   -91
2013  76 15  2   -90
2013  76 15  3   -89
2013  76 15  4   -87
2013  76 15  5   -87
2013  76 15  6   -86
2013  76 15  7   -86
2013  76 15  8   -85
2013  76 15  9   -85
2013  76 15 10   -85
2013  76 15 11   -85
2013  76 15 12   -85
2013  76 15 13   -84
2013  76 15 14   -84
2013  76 15 15   -84
2013  76 15 16   -84
2013  76 15 17   -85
2013  76 15 18   -85
2013  76 15 19   -84
2013  76 15 20   -85
2013  76 15 21   -85
2013  76 15 22   -85
2013  76 15 23   -85
2013  76 15 24   -85
2013  76 15 25   -85
2013  76 15 26   -86
2013  76 15 27   -85
2013  76 15 28   -85
2013  76 15 29   -85
2013  76 15 30   -86
2013  76 15 31   -86
2013  76 15 32   -86
2013  76 15 33   -86
2013  76 15 34   -87
2013  76 15 35   -87
2013  76 15 36   -88
2013  76 15 37   -88
2013  76 15 38   -88
2013  76 15 39   -88
2013  76 15 40   -89
2013  76 15 41   -90
2013  76 15 42   -90
2013  76 15 43   -90
2013  76 15 44   -90
2013  76 15 45   -91
2013  76 15 46   -91
2013  76 15 47   -92
2013  76 15 48   -92
2013  76 15 49   -91
2013  76 15 50   -90
2013  76 15 51   -89
2013  76 15 52   -89
2013  76 15 53   -88
2013  76 15 54   -88
2013  76 15 55   -87
2013  76 15 56   -86
2013  76 15 57   -85
2013  76 15 58   -84
2013  76 15 59   -83
2013  76 16  0   -83
2013  76 16  1   -82
2013  76 16  2   -81
2013  76 16  3   -81
2013  76 16  4   -82
2013  76 16  5   -82
2013  76 16  6   -82
2013  76 16  7   -83
2013  76 16  8   -84
2013  76 16  9   -85
2013  76 16 10   -87
2013  76 16 11   -87
2013  76 16 12   -88
2013  76 16 13   -88
2013  76 16 14   -87
2013  76 16 15   -87
2013  76 16 16   -87
2013  76 16 17   -86
2013  76 16 18   -85
2013  76 16 19   -85
2013  76 16 20   -85
2013  76 16 21   -86
2013  76 16 22   -86
2013  76 16 23   -87
2013  76 16 24   -87
2013  76 16 25   -87
2013  76 16 26   -87
2013  76 16 27   -87
2013  76 16 28   -87
2013  76 16 29   -87
2013  76 16 30   -87
2013  76 16 31   -87
2013  76 16 32   -87
2013  76 16 33   -87
2013  76 16 34   -86
2013  76 16 35   -86
2013  76 16 36   -86
2013  76 16 37   -86
2013  76 16 38   -86
2013  76 16 39   -86
2013  76 16 40   -87
2013  76 16 41   -88
2013  76 16 42   -88
2013  76 16 43   -88
2013  76 16 44   -89
2013  76 16 45   -89
2013  76 16 46   -90
2013  76 16 47   -90
2013  76 16 48   -90
2013  76 16 49   -90
2013  76 16 50   -89
2013  76 16 51   -90
2013  76 16 52   -90
2013  76 16 53   -90
2013  76 16 54   -90
2013  76 16 55   -90
2013  76 16 56   -91
2013  76 16 57   -92
2013  76 16 58   -91
2013  76 16 59   -91
2013  76 17  0   -90
2013  76 17  1   -90
2013  76 17  2   -90
2013  76 17  3   -91
2013  76 17  4   -92
2013  76 17  5   -91
2013  76 17  6   -92
2013  76 17  7   -93
2013  76 17  8   -94
2013  76 17  9   -95
2013  76 17 10   -95
2013  76 17 11   -96
2013  76 17 12   -97
2013  76 17 13   -96
2013  76 17 14   -96
2013  76 17 15   -96
2013  76 17 16   -94
2013  76 17 17   -94
2013  76 17 18   -94
2013  76 17 19   -94
2013  76 17 20   -94
2013  76 17 21   -94
2013  76 17 22   -95
2013  76 17 23   -95
2013  76 17 24   -95
2013  76 17 25   -95
2013  76 17 26   -96
2013  76 17 27   -97
2013  76 17 28   -97
2013  76 17 29   -98
2013  76 17 30   -98
2013  76 17 31   -99
2013  76 17 32   -99
2013  76 17 33   -99
2013  76 17 34   -99
2013  76 17 35   -99
2013  76 17 36   -99
2013  76 17 37   -99
2013  76 17 38  -100
2013  76 17 39  -100
2013  76 17 40  -101
2013  76 17 41  -102
2013  76 17 42  -103
2013  76 17 43  -104
2013  76 17 44  -104
2013  76 17 45  -103
2013  76 17 46  -104
2013  76 17 47  -104
2013  76 17 48  -104
2013  76 17 49  -104
2013  76 17 50  -105
2013  76 17 51  -106
2013  76 17 52  -105
2013  76 17 53  -105
2013  76 17 54  -104
2013  76 17 55  -104
2013  76 17 56  -104
2013  76 17 57  -104
2013  76 17 58  -103
2013  76 17 59  -104
2013  76 18  0  -104
2013  76 18  1  -103
2013  76 18  2  -101
2013  76 18  3   -98
2013  76 18  4   -96
2013  76 18  5   -95
2013  76 18  6   -93
2013  76 18  7   -93
2013  76 18  8   -94
2013  76 18  9   -94
2013  76 18 10   -94
2013  76 18 11   -94
2013  76 18 12   -94
2013  76 18 13   -93
2013  76 18 14   -94
2013  76 18 15   -94
2013  76 18 16   -95
2013  76 18 17   -96
2013  76 18 18   -96
2013  76 18 19   -98
2013  76 18 20   -99
2013  76 18 21  -100
2013  76 18 22  -101
2013  76 18 23  -101
2013  76 18 24  -101
2013  76 18 25  -100
2013  76 18 26   -99
2013  76 18 27   -99
2013  76 18 28   -97
2013  76 18 29   -97
2013  76 18 30   -96
2013  76 18 31   -95
2013  76 18 32   -94
2013  76 18 33   -95
2013  76 18 34   -94
2013  76 18 35   -94
2013  76 18 36   -94
2013  76 18 37   -96
2013  76 18 38   -96
2013  76 18 39   -97
2013  76 18 40   -96
2013  76 18 41   -96
2013  76 18 42   -96
2013  76 18 43   -96
2013  76 18 44   -96
2013  76 18 45   -95
2013  76 18 46   -96
2013  76 18 47   -97
2013  76 18 48   -97
2013  76 18 49   -98
2013  76 18 50   -97
2013  76 18 51   -96
2013  76 18 52   -95
2013  76 18 53   -95
2013  76 18 54   -95
2013  76 18 55   -95
2013  76 18 56   -96
2013  76 18 57   -96
2013  76 18 58   -97
2013  76 18 59   -99
2013  76 19  0   -99
2013  76 19  1  -100
2013  76 19  2  -101
2013  76 19  3  -103
2013  76 19  4  -104
2013  76 19  5  -106
2013  76 19  6  -106
2013  76 19  7  -108
2013  76 19  8  -109
2013  76 19  9  -109
2013  76 19 10  -110
2013  76 19 11  -110
2013  76 19 12  -111
2013  76 19 13  -111
2013  76 19 14  -111
2013  76 19 15  -111
2013  76 19 16  -111
2013  76 19 17  -110
2013  76 19 18  -110
2013  76 19 19  -110
2013  76 19 20  -109
2013  76 19 21  -109
2013  76 19 22  -109
2013  76 19 23  -110
2013  76 19 24  -110
2013  76 19 25  -109
2013  76 19 26  -108
2013  76 19 27  -107
2013  76 19 28  -107
2013  76 19 29  -108
2013  76 19 30  -109
2013  76 19 31  -109
2013  76 19 32  -110
2013  76 19 33  -111
2013  76 19 34  -113
2013  76 19 35  -113
2013  76 19 36  -113
2013  76 19 37  -114
2013  76 19 38  -114
2013  76 19 39  -115
2013  76 19 40  -116
2013  76 19 41  -117
2013  76 19 42  -119
2013  76 19 43  -120
2013  76 19 44  -119
2013  76 19 45  -118
2013  76 19 46  -118
2013  76 19 47  -117
2013  76 19 48  -117
2013  76 19 49  -116
2013  76 19 50  -116
2013  76 19 51  -116
2013  76 19 52  -116
2013  76 19 53  -117
2013  76 19 54  -117
2013  76 19 55  -118
2013  76 19 56  -119
2013  76 19 57  -120
2013  76 19 58  -120
2013  76 19 59  -121
2013  76 20  0  -121
2013  76 20  1  -122
2013  76 20  2  -122
2013  76 20  3  -123
2013  76 20  4  -124
2013  76 20  5  -124
2013  76 20  6  -124
2013  76 20  7  -125
2013  76 20  8  -124
2013  76 20  9  -125
2013  76 20 10  -125
2013  76 20 11  -125
2013  76 20 12  -125
2013  76 20 13  -125
2013  76 20 14  -126
2013  76 20 15  -126
2013  76 20 16  -126
2013  76 20 17  -126
2013  76 20 18  -127
2013  76 20 19  -127
2013  76 20 20  -128
2013  76 20 21  -128
2013  76 20 22  -129
2013  76 20 23  -129
2013  76 20 24  -130
2013  76 20 25  -130
2013  76 20 26  -131
2013  76 20 27  -131
2013  76 20 28  -132
2013  76 20 29  -131
2013  76 20 30  -131
2013  76 20 31  -131
2013  76 20 32  -131
2013  76 20 33  -131
2013  76 20 34  -131
2013  76 20 35  -131
2013  76 20 36  -131
2013  76 20 37  -131
2013  76 20 38  -131
2013  76 20 39  -131
2013  76 20 40  -131
2013  76 20 41  -130
2013  76 20 42  -130
2013  76 20 43  -130
2013  76 20 44  -129
2013  76 20 45  -129
2013  76 20 46  -129
2013  76 20 47  -128
2013  76 20 48  -128
2013  76 20 49  -128
2013  76 20 50  -129
2013  76 20 51  -130
2013  76 20 52  -129
2013  76 20 53  -130
2013  76 20 54  -130
2013  76 20 55  -130
2013  76 20 56  -130
2013  76 20 57  -129
2013  76 20 58  -129
2013  76 20 59  -127
2013  76 21  0  -125
2013  76 21  1  -125
2013  76 21  2  -125
2013  76 21  3  -124
2013  76 21  4  -124
2013  76 21  5  -123
2013  76 21  6  -122
2013  76 21  7  -122
2013  76 21  8  -122
2013  76 21  9  -123
2013  76 21 10  -124
2013  76 21 11  -125
2013  76 21 12  -125
2013  76 21 13  -126
2013  76 21 14  -126
2013  76 21 15  -126
2013  76 21 16  -126
2013  76 21 17  -126
2013  76 21 18  -126
2013  76 21 19  -126
2013  76 21 20  -126
2013  76 21 21  -126
2013  76 21 22  -126
2013  76 21 23  -125
2013  76 21 24  -125
2013  76 21 25  -125
2013  76 21 26  -124
2013  76 21 27  -123
2013  76 21 28  -122
2013  76 21 29  -122
2013  76 21 30  -122
2013  76 21 31  -123
2013  76 21 32  -123
2013  76 21 33  -123
2013  76 21 34  -123
2013  76 21 35  -123
2013  76 21 36  -123
2013  76 21 37  -122
2013  76 21 38  -122
2013  76 21 39  -122
2013  76 21 40  -121
2013  76 21 41  -121
2013  76 21 42  -121
2013  76 21 43  -120
2013  76 21 44  -120
2013  76 21 45  -120
2013  76 21 46  -120
2013  76 21 47  -120
2013  76 21 48  -119
2013  76 21 49  -119
2013  76 21 50  -119
2013  76 21 51  -118
2013  76 21 52  -118
2013  76 21 53  -118
2013  76 21 54  -119
2013  76 21 55  -119
2013  76 21 56  -120
2013  76 21 57  -120
2013  76 21 58  -121
2013  76 21 59  -121
2013  76 22  0  -122
2013  76 22  1  -122
2013  76 22  2  -123
2013  76 22  3  -123
2013  76 22  4  -124
2013  76 22  5  -124
2013  76 22  6  -125
2013  76 22  7  -124
2013  76 22  8  -125
2013  76 22  9  -125
2013  76 22 10  -125
2013  76 22 11  -125
2013  76 22 12  -125
2013  76 22 13  -124
2013  76 22 14  -124
2013  76 22 15  -124
2013  76 22 16  -123
2013  76 22 17  -121
2013  76 22 18  -120
2013  76 22 19  -118
2013  76 22 20  -117
2013  76 22 21  -116
2013  76 22 22  -116
2013  76 22 23  -115
2013  76 22 24  -113
2013  76 22 25  -112
2013  76 22 26  -111
2013  76 22 27  -110
2013  76 22 28  -110
2013  76 22 29  -111
2013  76 22 30  -112
2013  76 22 31  -112
2013  76 22 32  -113
2013  76 22 33  -114
2013  76 22 34  -113
2013  76 22 35  -112
2013  76 22 36  -112
2013  76 22 37  -112
2013  76 22 38  -112
2013  76 22 39  -112
2013  76 22 40  -112
2013  76 22 41  -112
2013  76 22 42  -113
2013  76 22 43  -113
2013  76 22 44  -114
2013  76 22 45  -114
2013  76 22 46  -114
2013  76 22 47  -114
2013  76 22 48  -115
2013  76 22 49  -115
2013  76 22 50  -115
2013  76 22 51  -115
2013  76 22 52  -114
2013  76 22 53  -113
2013  76 22 54  -113
2013  76 22 55  -113
2013  76 22 56  -112
2013  76 22 57  -111
2013  76 22 58  -110
2013  76 22 59  -109
2013  76 23  0  -109
2013  76 23  1  -108
2013  76 23  2  -108
2013  76 23  3  -108
2013  76 23  4  -108
2013  76 23  5  -108
2013  76 23  6  -108
2013  76 23  7  -109
2013  76 23  8  -109
2013  76 23  9  -110
2013  76 23 10  -110
2013  76 23 11  -110
2013  76 23 12  -109
2013  76 23 13  -109
2013  76 23 14  -110
2013  76 23 15  -109
2013  76 23 16  -110
2013  76 23 17  -110
2013  76 23 18  -109
2013  76 23 19  -110
2013  76 23 20  -110
2013  76 23 21  -110
2013  76 23 22  -110
2013  76 23 23  -111
2013  76 23 24  -111
2013  76 23 25  -111
2013  76 23 26  -111
2013  76 23 27  -111
2013  76 23 28  -110
2013  76 23 29  -110
2013  76 23 30  -109
2013  76 23 31  -109
2013  76 23 32  -108
2013  76 23 33  -107
2013  76 23 34  -107
2013  76 23 35  -106
2013  76 23 36  -105
2013  76 23 37  -105
2013  76 23 38  -104
2013  76 23 39  -104
2013  76 23 40  -104
2013  76 23 41  -104
2013  76 23 42  -104
2013  76 23 43  -104
2013  76 23 44  -104
2013  76 23 45  -104
2013  76 23 46  -103
2013  76 23 47  -103
2013  76 23 48  -103
2013  76 23 49  -102
2013  76 23 50  -102
2013  76 23 51  -102
2013  76 23 52  -102
2013  76 23 53  -102
2013  76 23 54  -102
2013  76 23 55  -102
2013  76 23 56  -102
2013  76 23 57  -102
2013  76 23 58  -102
2013  76 23 59  -101
2013  77  0  0  -101
2013  77  0  1  -101
2013  77  0  2  -101
2013  77  0  3  -100
2013  77  0  4  -101
2013  77  0  5  -100
2013  77  0  6  -100
2013  77  0  7  -101
2013  77  0  8  -100
2013  77  0  9  -100
2013  77  0 10  -100
2013  77  0 11  -100
2013  77  0 12  -100
2013  77  0 13  -101
2013  77  0 14  -101
2013  77  0 15  -101
2013  77  0 16  -101
2013  77  0 17  -101
2013  77  0 18  -101
2013  77  0 19  -101
2013  77  0 20  -100
2013  77  0 21  -100
2013  77  0 22  -100
2013  77  0 23  -100
2013  77  0 24  -100
2013  77  0 25  -100
2013  77  0 26  -100
2013  77  0 27  -100
2013  77  0 28  -100
2013  77  0 29   -99
2013  77  0 30   -99
2013  77  0 31   -99
2013  77  0 32   -99
2013  77  0 33   -99
2013  77  0 34   -99
2013  77  0 35   -98
2013  77  0 36   -98
2013  77  0 37   -98
2013  77  0 38   -98
2013  77  0 39   -97
2013  77  0 40   -97
2013  77  0 41   -98
2013  77  0 42   -98
2013  77  0 43   -97
2013  77  0 44   -97
2013  77  0 45   -97
2013  77  0 46   -96
2013  77  0 47   -96
2013  77  0 48   -96
2013  77  0 49   -96
2013  77  0 50   -95
2013  77  0 51   -95
2013  77  0 52   -94
2013  77  0 53   -94
2013  77  0 54   -93
2013  77  0 55   -93
2013  77  0 56   -93
2013  77  0 57   -93
2013  77  0 58   -93
2013  77  0 59   -93
2013  77  1  0   -93
2013  77  1  1   -93
2013  77  1  2   -93
2013  77  1  3   -92
2013  77  1  4   -92
2013  77  1  5   -92
2013  77  1  6   -92
2013  77  1  7   -91
2013  77  1  8   -91
2013  77  1  9   -91
2013  77  1 10   -90
2013  77  1 11   -90
2013  77  1 12   -89
2013  77  1 13   -88
2013  77  1 14   -88
2013  77  1 15   -86
2013  77  1 16   -85
2013  77  1 17   -85
2013  77  1 18   -84
2013  77  1 19   -83
2013  77  1 20   -83
2013  77  1 21   -83
2013  77  1 22   -83
2013  77  1 23   -83
2013  77  1 24   -83
2013  77  1 25   -84
2013  77  1 26   -85
2013  77  1 27   -85
2013  77  1 28   -85
2013  77  1 29   -85
2013  77  1 30   -86
2013  77  1 31   -86
2013  77  1 32   -86
2013  77  1 33   -85
2013  77  1 34   -84
2013  77  1 35   -84
2013  77  1 36   -84
2013  77  1 37   -83
2013  77  1 38   -83
2013  77  1 39   -83
2013  77  1 40   -83
2013  77  1 41   -83
2013  77  1 42   -83
2013  77  1 43   -82
2013  77  1 44   -83
2013  77  1 45   -83
2013  77  1 46   -83
2013  77  1 47   -83
2013  77  1 48   -83
2013  77  1 49   -83
2013  77  1 50   -83
2013  77  1 51   -83
2013  77  1 52   -83
2013  77  1 53   -82
2013  77  1 54   -82
2013  77  1 55   -82
2013  77  1 56   -82
2013  77  1 57   -82
2013  77  1 58   -81
2013  77  1 59   -81
2013  77  2  0   -81
2013  77  2  1   -81
2013  77  2  2   -81
2013  77  2  3   -81
2013  77  2  4   -81
2013  77  2  5   -81
2013  77  2  6   -81
2013  77  2  7   -81
2013  77  2  8   -81
2013  77  2  9   -81
2013  77  2 10   -80
2013  77  2 11   -80
2013  77  2 12   -80
2013  77  2 13   -80
2013  77  2 14   -80
2013  77  2 15   -80
2013  77  2 16   -80
2013  77  2 17   -80
2013  77  2 18   -80
2013  77  2 19   -80
2013  77  2 20   -80
2013  77  2 21   -80
2013  77  2 22   -80
2013  77  2 23   -80
2013  77  2 24   -81
2013  77  2 25   -81
2013  77  2 26   -81
2013  77  2 27   -80
2013  77  2 28   -81
2013  77  2 29   -81
2013  77  2 30   -81
2013  77  2 31   -81
2013  77  2 32   -81
2013  77  2 33   -81
2013  77  2 34   -81
2013  77  2 35   -81
2013  77  2 36   -80
2013  77  2 37   -80
2013  77  2 38   -80
2013  77  2 39   -80
2013  77  2 40   -79
2013  77  2 41   -79
2013  77  2 42   -79
2013  77  2 43   -79
2013  77  2 44   -79
2013  77  2 45   -79
2013  77  2 46   -78
2013  77  2 47   -78
2013  77  2 48   -78
2013  77  2 49   -78
2013  77  2 50   -78
2013  77  2 51   -78
2013  77  2 52   -78
2013  77  2 53   -78
2013  77  2 54   -78
2013  77  2 55   -78
2013  77  2 56   -78
2013  77  2 57   -78
2013  77  2 58   -77
2013  77  2 59   -77
2013  77  3  0   -77
2013  77  3  1   -76
2013  77  3  2   -75
2013  77  3  3   -75
2013  77  3  4   -75
2013  77  3  5   -74
2013  77  3  6   -74
2013  77  3  7   -74
2013  77  3  8   -73
2013  77  3  9   -73
2013  77  3 10   -73
2013  77  3 11   -73
2013  77  3 12   -74
2013  77  3 13   -73
2013  77  3 14   -73
2013  77  3 15   -73
2013  77  3 16   -73
2013  77  3 17   -72
2013  77  3 18   -73
2013  77  3 19   -73
2013  77  3 20   -73
2013  77  3 21   -73
2013  77  3 22   -73
2013  77  3 23   -74
2013  77  3 24   -74
2013  77  3 25   -74
2013  77  3 26   -74
2013  77  3 27   -73
2013  77  3 28   -73
2013  77  3 29   -73
2013  77  3 30   -73
2013  77  3 31   -73
2013  77  3 32   -72
2013  77  3 33   -72
2013  77  3 34   -72
2013  77  3 35   -72
2013  77  3 36   -71
2013  77  3 37   -71
2013  77  3 38   -71
2013  77  3 39   -71
2013  77  3 40   -71
2013  77  3 41   -71
2013  77  3 42   -71
2013  77  3 43   -71
2013  77  3 44   -71
2013  77  3 45   -71
2013  77  3 46   -72
2013  77  3 47   -72
2013  77  3 48   -72
2013  77  3 49   -72
2013  77  3 50   -70
2013  77  3 51   -69
2013  77  3 52   -68
2013  77  3 53   -68
2013  77  3 54   -68
2013  77  3 55   -68
2013  77  3 56   -68
2013  77  3 57   -69
2013  77  3 58   -68
2013  77  3 59   -67
2013  77  4  0   -67
2013  77  4  1   -67
2013  77  4  2   -67
2013  77  4  3   -67
2013  77  4  4   -67
2013  77  4  5   -68
2013  77  4  6   -67
2013  77  4  7   -67
2013  77  4  8   -67
2013  77  4  9   -67
2013  77  4 10   -67
2013  77  4 11   -67
2013  77  4 12   -66
2013  77  4 13   -66
2013  77  4 14   -66
2013  77  4 15   -66
2013  77  4 16   -67
2013  77  4 17   -67
2013  77  4 18   -68
2013  77  4 19   -70
2013  77  4 20   -71
2013  77  4 21   -72
2013  77  4 22   -71
2013  77  4 23   -70
2013  77  4 24   -69
2013  77  4 25   -68
2013  77  4 26   -67
2013  77  4 27   -67
2013  77  4 28   -68
2013  77  4 29   -69
2013  77  4 30   -71
2013  77  4 31   -72
2013  77  4 32   -72
2013  77  4 33   -72
2013  77  4 34   -72
2013  77  4 35   -70
2013  77  4 36   -68
2013  77  4 37   -68
2013  77  4 38   -68
2013  77  4 39   -69
2013  77  4 40   -71
2013  77  4 41   -73
2013  77  4 42   -74
2013  77  4 43   -74
2013  77  4 44   -74
2013  77  4 45   -73
2013  77  4 46   -72
2013  77  4 47   -71
2013  77  4 48   -71
2013  77  4 49   -70
2013  77  4 50   -70
2013  77  4 51   -70
2013  77  4 52   -70
2013  77  4 53   -69
2013  77  4 54   -70
2013  77  4 55   -69
2013  77  4 56   -69
2013  77  4 57   -69
2013  77  4 58   -69
2013  77  4 59   -68
2013  77  5  0   -68
2013  77  5  1   -67
2013  77  5  2   -67
2013  77  5  3   -66
2013  77  5  4   -65
2013  77  5  5   -66
2013  77  5  6   -66
2013  77  5  7   -66
2013  77  5  8   -65
2013  77  5  9   -65
2013  77  5 10   -64
2013  77  5 11   -64
2013  77  5 12   -63
2013  77  5 13   -62
2013  77  5 14   -62
2013  77  5 15   -65
2013  77  5 16   -68
2013  77  5 17   -70
2013  77  5 18   -71
2013  77  5 19   -71
2013  77  5 20   -70
2013  77  5 21   -70
2013  77  5 22   -69
2013  77  5 23   -69
2013  77  5 24   -68
2013  77  5 25   -68
2013  77  5 26   -68
2013  77  5 27   -68
2013  77  5 28   -68
2013  77  5 29   -67
2013  77  5 30   -68
2013  77  5 31   -68
2013  77  5 32   -68
2013  77  5 33   -68
2013  77  5 34   -68
2013  77  5 35   -67
2013  77  5 36   -67
2013  77  5 37   -67
2013  77  5 38   -67
2013  77  5 39   -67
2013  77  5 40   -67
2013  77  5 41   -67
2013  77  5 42   -67
2013  77  5 43   -68
2013  77  5 44   -68
2013  77  5 45   -68
2013  77  5 46   -67
2013  77  5 47   -67
2013  77  5 48   -67
2013  77  5 49   -67
2013  77  5 50   -67
2013  77  5 51   -67
2013  77  5 52   -67
2013  77  5 53   -67
2013  77  5 54   -67
2013  77  5 55   -67
2013  77  5 56   -67
2013  77  5 57   -67
2013  77  5 58   -66
2013  77  5 59   -66
2013  77  6  0   -66
2013  77  6  1   -66
2013  77  6  2   -66
2013  77  6  3   -65
2013  77  6  4   -65
2013  77  6  5   -65
2013  77  6  6   -65
2013  77  6  7   -66
2013  77  6  8   -66
2013  77  6  9   -67
2013  77  6 10   -67
2013  77  6 11   -67
2013  77  6 12   -67
2013  77  6 13   -63
2013  77  6 14   -60
2013  77  6 15   -58
2013  77  6 16   -56
2013  77  6 17   -54
2013  77  6 18   -53
2013  77  6 19   -53
2013  77  6 20   -54
2013  77  6 21   -55
2013  77  6 22   -55
2013  77  6 23   -55
2013  77  6 24   -55
2013  77  6 25   -56
2013  77  6 26   -56
2013  77  6 27   -57
2013  77  6 28   -57
2013  77  6 29   -57
2013  77  6 30   -57
2013  77  6 31   -58
2013  77  6 32   -58
2013  77  6 33   -58
2013  77  6 34   -57
2013  77  6 35   -57
2013  77  6 36   -57
2013  77  6 37   -58
2013  77  6 38   -58
2013  77  6 39   -59
2013  77  6 40   -59
2013  77  6 41   -59
2013  77  6 42   -59
2013  77  6 43   -59
2013  77  6 44   -59
2013  77  6 45   -59
2013  77  6 46   -59
2013  77  6 47   -59
2013  77  6 48   -58
2013  77  6 49   -59
2013  77  6 50   -59
2013  77  6 51   -58
2013  77  6 52   -58
2013  77  6 53   -57
2013  77  6 54   -57
2013  77  6 55   -57
2013  77  6 56   -57
2013  77  6 57   -57
2013  77  6 58   -57
2013  77  6 59   -57
2013  77  7  0   -57
2013  77  7  1   -56
2013  77  7  2   -56
2013  77  7  3   -56
2013  77  7  4   -56
2013  77  7  5   -56
2013  77  7  6   -56
2013  77  7  7   -56
2013  77  7  8   -56
2013  77  7  9   -56
2013  77  7 10   -56
2013  77  7 11   -56
2013  77  7 12   -56
2013  77  7 13   -56
2013  77  7 14   -56
2013  77  7 15   -56
2013  77  7 16   -56
2013  77  7 17   -56
2013  77  7 18   -56
2013  77  7 19   -55
2013  77  7 20   -55
2013  77  7 21   -55
2013  77  7 22   -54
2013  77  7 23   -54
2013  77  7 24   -54
2013  77  7 25   -54
2013  77  7 26   -54
2013  77  7 27   -55
2013  77  7 28   -55
2013  77  7 29   -55
2013  77  7 30   -56
2013  77  7 31   -55
2013  77  7 32   -56
2013  77  7 33   -56
2013  77  7 34   -56
2013  77  7 35   -55
2013  77  7 36   -55
2013  77  7 37   -55
2013  77  7 38   -54
2013  77  7 39   -54
2013  77  7 40   -54
2013  77  7 41   -55
2013  77  7 42   -55
2013  77  7 43   -55
2013  77  7 44   -55
2013  77  7 45   -55
2013  77  7 46   -55
2013  77  7 47   -55
2013  77  7 48   -55
2013  77  7 49   -54
2013  77  7 50   -54
2013  77  7 51   -54
2013  77  7 52   -54
2013  77  7 53   -53
2013  77  7 54   -54
2013  77  7 55   -54
2013  77  7 56   -54
2013  77  7 57   -54
2013  77  7 58   -53
2013  77  7 59   -53
2013  77  8  0   -52
2013  77  8  1   -52
2013  77  8  2   -52
2013  77  8  3   -52
2013  77  8  4   -53
2013  77  8  5   -54
2013  77  8  6   -54
2013  77  8  7   -54
2013  77  8  8   -55
2013  77  8  9   -55
2013  77  8 10   -56
2013  77  8 11   -56
2013  77  8 12   -57
2013  77  8 13   -57
2013  77  8 14   -57
2013  77  8 15   -57
2013  77  8 16   -57
2013  77  8 17   -58
2013  77  8 18   -58
2013  77  8 19   -58
2013  77  8 20   -57
2013  77  8 21   -58
2013  77  8 22   -58
2013  77  8 23   -58
2013  77  8 24   -58
2013  77  8 25   -58
2013  77  8 26   -58
2013  77  8 27   -58
2013  77  8 28   -58
2013  77  8 29   -58
2013  77  8 30   -57
2013  77  8 31   -57
2013  77  8 32   -56
2013  77  8 33   -57
2013  77  8 34   -57
2013  77  8 35   -57
2013  77  8 36   -56
2013  77  8 37   -56
2013  77  8 38   -55
2013  77  8 39   -55
2013  77  8 40   -56
2013  77  8 41   -56
2013  77  8 42   -56
2013  77  8 43   -56
2013  77  8 44   -56
2013  77  8 45   -56
2013  77  8 46   -56
2013  77  8 47   -55
2013  77  8 48   -54
2013  77  8 49   -54
2013  77  8 50   -53
2013  77  8 51   -53
2013  77  8 52   -53
2013  77  8 53   -54
2013  77  8 54   -55
2013  77  8 55   -55
2013  77  8 56   -55
2013  77  8 57   -55
2013  77  8 58   -55
2013  77  8 59   -54
2013  77  9  0   -53
2013  77  9  1   -52
2013  77  9  2   -52
2013  77  9  3   -51
2013  77  9  4   -51
2013  77  9  5   -51
2013  77  9  6   -52
2013  77  9  7   -52
2013  77  9  8   -53
2013  77  9  9   -53
2013  77  9 10   -52
2013  77  9 11   -52
2013  77  9 12   -51
2013  77  9 13   -51
2013  77  9 14   -51
2013  77  9 15   -51
2013  77  9 16   -51
2013  77  9 17   -52
2013  77  9 18   -52
2013  77  9 19   -52
2013  77  9 20   -52
2013  77  9 21   -52
2013  77  9 22   -52
2013  77  9 23   -52
2013  77  9 24   -52
2013  77  9 25   -52
2013  77  9 26   -53
2013  77  9 27   -53
2013  77  9 28   -53
2013  77  9 29   -53
2013  77  9 30   -53
2013  77  9 31   -53
2013  77  9 32   -53
2013  77  9 33   -53
2013  77  9 34   -53
2013  77  9 35   -53
2013  77  9 36   -52
2013  77  9 37   -52
2013  77  9 38   -52
2013  77  9 39   -52
2013  77  9 40   -52
2013  77  9 41   -52
2013  77  9 42   -52
2013  77  9 43   -52
2013  77  9 44   -52
2013  77  9 45   -52
2013  77  9 46   -52
2013  77  9 47   -51
2013  77  9 48   -51
2013  77  9 49   -51
2013  77  9 50   -51
2013  77  9 51   -51
2013  77  9 52   -50
2013  77  9 53   -49
2013  77  9 54   -48
2013  77  9 55   -47
2013  77  9 56   -46
2013  77  9 57   -45
2013  77  9 58   -45
2013  77  9 59   -44
2013  77 10  0   -44
2013  77 10  1   -44
2013  77 10  2   -44
2013  77 10  3   -45
2013  77 10  4   -45
2013  77 10  5   -46
2013  77 10  6   -50
2013  77 10  7   -53
2013  77 10  8   -53
2013  77 10  9   -51
2013  77 10 10   -51
2013  77 10 11   -52
2013  77 10 12   -52
2013  77 10 13   -47
2013  77 10 14   -44
2013  77 10 15   -43
2013  77 10 16   -43
2013  77 10 17   -43
2013  77 10 18   -44
2013  77 10 19   -44
2013  77 10 20   -45
2013  77 10 21   -45
2013  77 10 22   -46
2013  77 10 23   -45
2013  77 10 24   -45
2013  77 10 25   -46
2013  77 10 26   -45
2013  77 10 27   -45
2013  77 10 28   -46
2013  77 10 29   -47
2013  77 10 30   -47
2013  77 10 31   -47
2013  77 10 32   -47
2013  77 10 33   -46
2013  77 10 34   -46
2013  77 10 35   -45
2013  77 10 36   -45
2013  77 10 37   -45
2013  77 10 38   -46
2013  77 10 39   -46
2013  77 10 40   -46
2013  77 10 41   -46
2013  77 10 42   -45
2013  77 10 43   -44
2013  77 10 44   -43
2013  77 10 45   -42
2013  77 10 46   -43
2013  77 10 47   -44
2013  77 10 48   -44
2013  77 10 49   -45
2013  77 10 50   -45
2013  77 10 51   -46
2013  77 10 52   -46
2013  77 10 53   -47
2013  77 10 54   -48
2013  77 10 55   -49
2013  77 10 56   -49
2013  77 10 57   -48
2013  77 10 58   -46
2013  77 10 59   -45
2013  77 11  0   -44
2013  77 11  1   -43
2013  77 11  2   -44
2013  77 11  3   -46
2013  77 11  4   -46
2013  77 11  5   -45
2013  77 11  6   -44
2013  77 11  7   -44
2013  77 11  8   -45
2013  77 11  9   -45
2013  77 11 10   -45
2013  77 11 11   -44
2013  77 11 12   -44
2013  77 11 13   -44
2013  77 11 14   -44
2013  77 11 15   -45
2013  77 11 16   -45
2013  77 11 17   -46
2013  77 11 18   -48
2013  77 11 19   -49
2013  77 11 20   -49
2013  77 11 21   -48
2013  77 11 22   -47
2013  77 11 23   -46
2013  77 11 24   -46
2013  77 11 25   -46
2013  77 11 26   -46
2013  77 11 27   -45
2013  77 11 28   -45
2013  77 11 29   -43
2013  77 11 30   -42
2013  77 11 31   -43
2013  77 11 32   -43
2013  77 11 33   -44
2013  77 11 34   -44
2013  77 11 35   -44
2013  77 11 36   -44
2013  77 11 37   -43
2013  77 11 38   -42
2013  77 11 39   -42
2013  77 11 40   -43
2013  77 11 41   -43
2013  77 11 42   -44
2013  77 11 43   -45
2013  77 11 44   -45
2013  77 11 45   -45
2013  77 11 46   -45
2013  77 11 47   -44
2013  77 11 48   -44
2013  77 11 49   -44
2013  77 11 50   -45
2013  77 11 51   -47
2013  77 11 52   -49
2013  77 11 53   -50
2013  77 11 54   -50
2013  77 11 55   -50
2013  77 11 56   -49
2013  77 11 57   -49
2013  77 11 58   -49
2013  77 11 59   -49
2013  77 12  0   -50
2013  77 12  1   -50
2013  77 12  2   -50
2013  77 12  3   -50
2013  77 12  4   -50
2013  77 12  5   -50
2013  77 12  6   -50
2013  77 12  7   -49
2013  77 12  8   -49
2013  77 12  9   -49
2013  77 12 10   -48
2013  77 12 11   -48
2013  77 12 12   -48
2013  77 12 13   -47
2013  77 12 14   -47
2013  77 12 15   -47
2013  77 12 16   -47
2013  77 12 17   -47
2013  77 12 18   -46
2013  77 12 19   -46
2013  77 12 20   -46
2013  77 12 21   -47
2013  77 12 22   -46
2013  77 12 23   -46
2013  77 12 24   -47
2013  77 12 25   -47
2013  77 12 26   -46
2013  77 12 27   -46
2013  77 12 28   -46
2013  77 12 29   -46
2013  77 12 30   -45
2013  77 12 31   -46
2013  77 12 32   -45
2013  77 12 33   -45
2013  77 12 34   -45
2013  77 12 35   -46
2013  77 12 36   -46
2013  77 12 37   -46
2013  77 12 38   -46
2013  77 12 39   -46
2013  77 12 40   -46
2013  77 12 41   -46
2013  77 12 42   -46
2013  77 12 43   -46
2013  77 12 44   -47
2013  77 12 45   -47
2013  77 12 46   -47
2013  77 12 47   -46
2013  77 12 48   -46
2013  77 12 49   -46
2013  77 12 50   -46
2013  77 12 51   -46
2013  77 12 52   -46
2013  77 12 53   -46
2013  77 12 54   -46
2013  77 12 55   -45
2013  77 12 56   -45
2013  77 12 57   -45
2013  77 12 58   -45
2013  77 12 59   -45
2013  77 13  0   -46
2013  77 13  1   -46
2013  77 13  2   -46
2013  77 13  3   -46
2013  77 13  4   -46
2013  77 13  5   -46
2013  77 13  6   -46
2013  77 13  7   -46
2013  77 13  8   -45
2013  77 13  9   -45
2013  77 13 10   -45
2013  77 13 11   -45
2013  77 13 12   -45
2013  77 13 13   -45
2013  77 13 14   -45
2013  77 13 15   -45
2013  77 13 16   -44
2013  77 13 17   -44
2013  77 13 18   -45
2013  77 13 19   -45
2013  77 13 20   -45
2013  77 13 21   -45
2013  77 13 22   -45
2013  77 13 23   -45
2013  77 13 24   -45
2013  77 13 25   -45
2013  77 13 26   -46
2013  77 13 27   -46
2013  77 13 28   -46
2013  77 13 29   -46
2013  77 13 30   -46
2013  77 13 31   -46
2013  77 13 32   -46
2013  77 13 33   -47
2013  77 13 34   -47
2013  77 13 35   -46
2013  77 13 36   -46
2013  77 13 37   -46
2013  77 13 38   -46
2013  77 13 39   -46
2013  77 13 40   -46
2013  77 13 41   -46
2013  77 13 42   -46
2013  77 13 43   -45
2013  77 13 44   -45
2013  77 13 45   -45
2013  77 13 46   -46
2013  77 13 47   -45
2013  77 13 48   -45
2013  77 13 49   -45
2013  77 13 50   -44
2013  77 13 51   -44
2013  77 13 52   -45
2013  77 13 53   -45
2013  77 13 54   -45
2013  77 13 55   -45
2013  77 13 56   -46
2013  77 13 57   -47
2013  77 13 58   -47
2013  77 13 59   -48
2013  77 14  0   -48
2013  77 14  1   -49
2013  77 14  2   -49
2013  77 14  3   -49
2013  77 14  4   -49
2013  77 14  5   -49
2013  77 14  6   -49
2013  77 14  7   -49
2013  77 14  8   -49
2013  77 14  9   -48
2013  77 14 10   -49
2013  77 14 11   -49
2013  77 14 12   -49
2013  77 14 13   -48
2013  77 14 14   -48
2013  77 14 15   -48
2013  77 14 16   -48
2013  77 14 17   -47
2013  77 14 18   -47
2013  77 14 19   -47
2013  77 14 20   -47
2013  77 14 21   -47
2013  77 14 22   -48
2013  77 14 23   -48
2013  77 14 24   -48
2013  77 14 25   -48
2013  77 14 26   -48
2013  77 14 27   -49
2013  77 14 28   -49
2013  77 14 29   -49
2013  77 14 30   -49
2013  77 14 31   -48
2013  77 14 32   -48
2013  77 14 33   -48
2013  77 14 34   -47
2013  77 14 35   -47
2013  77 14 36   -47
2013  77 14 37   -47
2013  77 14 38   -47
2013  77 14 39   -47
2013  77 14 40   -47
2013  77 14 41   -46
2013  77 14 42   -46
2013  77 14 43   -46
2013  77 14 44   -47
2013  77 14 45   -47
2013  77 14 46   -47
2013  77 14 47   -48
2013  77 14 48   -48
2013  77 14 49   -47
2013  77 14 50   -46
2013  77 14 51   -46
2013  77 14 52   -46
2013  77 14 53   -46
2013  77 14 54   -46
2013  77 14 55   -46
2013  77 14 56   -46
2013  77 14 57   -46
2013  77 14 58   -46
2013  77 14 59   -46
2013  77 15  0   -46
2013  77 15  1   -47
2013  77 15  2   -46
2013  77 15  3   -46
2013  77 15  4   -46
2013  77 15  5   -47
2013  77 15  6   -46
2013  77 15  7   -46
2013  77 15  8   -46
2013  77 15  9   -46
2013  77 15 10   -46
2013  77 15 11   -45
2013  77 15 12   -45
2013  77 15 13   -46
2013  77 15 14   -46
2013  77 15 15   -46
2013  77 15 16   -47
2013  77 15 17   -46
2013  77 15 18   -46
2013  77 15 19   -46
2013  77 15 20   -46
2013  77 15 21   -45
2013  77 15 22   -45
2013  77 15 23   -45
2013  77 15 24   -45
2013  77 15 25   -45
2013  77 15 26   -46
2013  77 15 27   -46
2013  77 15 28   -46
2013  77 15 29   -46
2013  77 15 30   -46
2013  77 15 31   -46
2013  77 15 32   -46
2013  77 15 33   -46
2013  77 15 34   -46
2013  77 15 35   -46
2013  77 15 36   -46
2013  77 15 37   -46
2013  77 15 38   -46
2013  77 15 39   -46
2013  77 15 40   -47
2013  77 15 41   -47
2013  77 15 42   -47
2013  77 15 43   -47
2013  77 15 44   -47
2013  77 15 45   -47
2013  77 15 46   -46
2013  77 15 47   -46
2013  77 15 48   -46
2013  77 15 49   -46
2013  77 15 50   -46
2013  77 15 51   -46
2013  77 15 52   -45
2013  77 15 53   -45
2013  77 15 54   -45
2013  77 15 55   -44
2013  77 15 56   -44
2013  77 15 57   -45
2013  77 15 58   -45
2013  77 15 59   -45
2013  77 16  0   -46
2013  77 16  1   -46
2013  77 16  2   -46
2013  77 16  3   -46
2013  77 16  4   -46
2013  77 16  5   -46
2013  77 16  6   -45
2013  77 16  7   -45
2013  77 16  8   -45
2013  77 16  9   -45
2013  77 16 10   -46
2013  77 16 11   -46
2013  77 16 12   -46
2013  77 16 13   -46
2013  77 16 14   -46
2013  77 16 15   -46
2013  77 16 16   -46
2013  77 16 17   -46
2013  77 16 18   -46
2013  77 16 19   -46
2013  77 16 20   -46
2013  77 16 21   -46
2013  77 16 22   -47
2013  77 16 23   -47
2013  77 16 24   -47
2013  77 16 25   -47
2013  77 16 26   -47
2013  77 16 27   -47
2013  77 16 28   -47
2013  77 16 29   -47
2013  77 16 30   -47
2013  77 16 31   -46
2013  77 16 32   -46
2013  77 16 33   -46
2013  77 16 34   -46
2013  77 16 35   -46
2013  77 16 36   -46
2013  77 16 37   -46
2013  77 16 38   -46
2013  77 16 39   -46
2013  77 16 40   -46
2013  77 16 41   -46
2013  77 16 42   -46
2013  77 16 43   -46
2013  77 16 44   -46
2013  77 16 45   -46
2013  77 16 46   -46
2013  77 16 47   -46
2013  77 16 48   -46
2013  77 16 49   -46
2013  77 16 50   -46
2013  77 16 51   -46
2013  77 16 52   -46
2013  77 16 53   -47
2013  77 16 54   -46
2013  77 16 55   -46
2013  77 16 56   -46
2013  77 16 57   -46
2013  77 16 58   -45
2013  77 16 59   -45
2013  77 17  0   -45
2013  77 17  1   -44
2013  77 17  2   -44
2013  77 17  3   -45
2013  77 17  4   -45
2013  77 17  5   -45
2013  77 17  6   -44
2013  77 17  7   -44
2013  77 17  8   -44
2013  77 17  9   -45
2013  77 17 10   -44
2013  77 17 11   -44
2013  77 17 12   -45
2013  77 17 13   -45
2013  77 17 14   -45
2013  77 17 15   -45
2013  77 17 16   -45
2013  77 17 17   -46
2013  77 17 18   -46
2013  77 17 19   -46
2013  77 17 20   -46
2013  77 17 21   -46
2013  77 17 22   -46
2013  77 17 23   -46
2013  77 17 24   -46
2013  77 17 25   -46
2013  77 17 26   -46
2013  77 17 27   -46
2013  77 17 28   -46
2013  77 17 29   -46
2013  77 17 30   -46
2013  77 17 31   -47
2013  77 17 32   -46
2013  77 17 33   -47
2013  77 17 34   -46
2013  77 17 35   -46
2013  77 17 36   -46
2013  77 17 37   -46
2013  77 17 38   -46
2013  77 17 39   -45
2013  77 17 40   -44
2013  77 17 41   -43
2013  77 17 42   -43
2013  77 17 43   -43
2013  77 17 44   -43
2013  77 17 45   -43
2013  77 17 46   -43
2013  77 17 47   -43
2013  77 17 48   -43
2013  77 17 49   -43
2013  77 17 50   -43
2013  77 17 51   -42
2013  77 17 52   -42
2013  77 17 53   -42
2013  77 17 54   -42
2013  77 17 55   -42
2013  77 17 56   -42
2013  77 17 57   -41
2013  77 17 58   -41
2013  77 17 59   -41
2013  77 18  0   -41
2013  77 18  1   -40
2013  77 18  2   -40
2013  77 18  3   -39
2013  77 18  4   -39
2013  77 18  5   -40
2013  77 18  6   -40
2013  77 18  7   -40
2013  77 18  8   -40
2013  77 18  9   -40
2013  77 18 10   -40
2013  77 18 11   -39
2013  77 18 12   -40
2013  77 18 13   -40
2013  77 18 14   -43
2013  77 18 15   -45
2013  77 18 16   -46
2013  77 18 17   -46
2013  77 18 18   -46
2013  77 18 19   -44
2013  77 18 20   -43
2013  77 18 21   -42
2013  77 18 22   -40
2013  77 18 23   -40
2013  77 18 24   -41
2013  77 18 25   -42
2013  77 18 26   -43
2013  77 18 27   -44
2013  77 18 28   -44
2013  77 18 29   -43
2013  77 18 30   -43
2013  77 18 31   -43
2013  77 18 32   -43
2013  77 18 33   -43
2013  77 18 34   -42
2013  77 18 35   -42
2013  77 18 36   -42
2013  77 18 37   -42
2013  77 18 38   -42
2013  77 18 39   -42
2013  77 18 40   -42
2013  77 18 41   -41
2013  77 18 42   -41
2013  77 18 43   -41
2013  77 18 44   -41
2013  77 18 45   -41
2013  77 18 46   -41
2013  77 18 47   -41
2013  77 18 48   -42
2013  77 18 49   -42
2013  77 18 50   -42
2013  77 18 51   -42
2013  77 18 52   -42
2013  77 18 53   -42
2013  77 18 54   -42
2013  77 18 55   -42
2013  77 18 56   -41
2013  77 18 57   -41
2013  77 18 58   -41
2013  77 18 59   -41
2013  77 19  0   -40
2013  77 19  1   -40
2013  77 19  2   -40
2013  77 19  3   -40
2013  77 19  4   -39
2013  77 19  5   -39
2013  77 19  6   -38
2013  77 19  7   -38
2013  77 19  8   -39
2013  77 19  9   -40
2013  77 19 10   -41
2013  77 19 11   -40
2013  77 19 12   -41
2013  77 19 13   -40
2013  77 19 14   -40
2013  77 19 15   -40
2013  77 19 16   -41
2013  77 19 17   -41
2013  77 19 18   -41
2013  77 19 19   -40
2013  77 19 20   -39
2013  77 19 21   -39
2013  77 19 22   -39
2013  77 19 23   -38
2013  77 19 24   -38
2013  77 19 25   -38
2013  77 19 26   -38
2013  77 19 27   -38
2013  77 19 28   -38
2013  77 19 29   -39
2013  77 19 30   -39
2013  77 19 31   -40
2013  77 19 32   -41
2013  77 19 33   -42
2013  77 19 34   -42
2013  77 19 35   -43
2013  77 19 36   -43
2013  77 19 37   -44
2013  77 19 38   -45
2013  77 19 39   -46
2013  77 19 40   -47
2013  77 19 41   -48
2013  77 19 42   -48
2013  77 19 43   -48
2013  77 19 44   -47
2013  77 19 45   -47
2013  77 19 46   -47
2013  77 19 47   -47
2013  77 19 48   -47
2013  77 19 49   -47
2013  77 19 50   -47
2013  77 19 51   -47
2013  77 19 52   -47
2013  77 19 53   -47
2013  77 19 54   -47
2013  77 19 55   -48
2013  77 19 56   -48
2013  77 19 57   -48
2013  77 19 58   -48
2013  77 19 59   -47
2013  77 20  0   -47
2013  77 20  1   -47
2013  77 20  2   -46
2013  77 20  3   -46
2013  77 20  4   -46
2013  77 20  5   -45
2013  77 20  6   -45
2013  77 20  7   -45
2013  77 20  8   -45
2013  77 20  9   -45
2013  77 20 10   -45
2013  77 20 11   -45
2013  77 20 12   -45
2013  77 20 13   -45
2013  77 20 14   -45
2013  77 20 15   -45
2013  77 20 16   -44
2013  77 20 17   -44
2013  77 20 18   -44
2013  77 20 19   -43
2013  77 20 20   -43
2013  77 20 21   -43
2013  77 20 22   -43
2013  77 20 23   -42
2013  77 20 24   -42
2013  77 20 25   -42
2013  77 20 26   -43
2013  77 20 27   -43
2013  77 20 28   -43
2013  77 20 29   -43
2013  77 20 30   -43
2013  77 20 31   -44
2013  77 20 32   -44
2013  77 20 33   -44
2013  77 20 34   -44
2013  77 20 35   -44
2013  77 20 36   -44
2013  77 20 37   -44
2013  77 20 38   -44
2013  77 20 39   -44
2013  77 20 40   -44
2013  77 20 41   -44
2013  77 20 42   -44
2013  77 20 43   -44
2013  77 20 44   -43
2013  77 20 45   -43
2013  77 20 46   -43
2013  77 20 47   -43
2013  77 20 48   -43
2013  77 20 49   -43
2013  77 20 50   -44
2013  77 20 51   -44
2013  77 20 52   -44
2013  77 20 53   -44
2013  77 20 54   -44
2013  77 20 55   -44
2013  77 20 56   -44
2013  77 20 57   -44
2013  77 20 58   -44
2013  77 20 59   -43
2013  77 21  0   -43
2013  77 21  1   -42
2013  77 21  2   -42
2013  77 21  3   -41
2013  77 21  4   -41
2013  77 21  5   -41
2013  77 21  6   -41
2013  77 21  7   -41
2013  77 21  8   -42
2013  77 21  9   -42
2013  77 21 10   -42
2013  77 21 11   -42
2013  77 21 12   -42
2013  77 21 13   -42
2013  77 21 14   -42
2013  77 21 15   -42
2013  77 21 16   -42
2013  77 21 17   -41
2013  77 21 18   -42
2013  77 21 19   -42
2013  77 21 20   -42
2013  77 21 21   -42
2013  77 21 22   -42
2013  77 21 23   -43
2013  77 21 24   -43
2013  77 21 25   -44
2013  77 21 26   -44
2013  77 21 27   -44
2013  77 21 28   -45
2013  77 21 29   -45
2013  77 21 30   -46
2013  77 21 31   -46
2013  77 21 32   -46
2013  77 21 33   -47
2013  77 21 34   -47
2013  77 21 35   -46
2013  77 21 36   -46
2013  77 21 37   -46
2013  77 21 38   -47
2013  77 21 39   -48
2013  77 21 40   -48
2013  77 21 41   -49
2013  77 21 42   -49
2013  77 21 43   -49
2013  77 21 44   -49
2013  77 21 45   -49
2013  77 21 46   -49
2013  77 21 47   -49
2013  77 21 48   -49
2013  77 21 49   -49
2013  77 21 50   -49
2013  77 21 51   -49
2013  77 21 52   -49
2013  77 21 53   -49
2013  77 21 54   -49
2013  77 21 55   -49
2013  77 21 56   -49
2013  77 21 57   -49
2013  77 21 58   -49
2013  77 21 59   -49
2013  77 22  0   -49
2013  77 22  1   -49
2013  77 22  2   -49
2013  77 22  3   -49
2013  77 22  4   -50
2013  77 22  5   -50
2013  77 22  6   -50
2013  77 22  7   -50
2013  77 22  8   -51
2013  77 22  9   -51
2013  77 22 10   -50
2013  77 22 11   -50
2013  77 22 12   -50
2013  77 22 13   -50
2013  77 22 14   -50
2013  77 22 15   -50
2013  77 22 16   -50
2013  77 22 17   -50
2013  77 22 18   -50
2013  77 22 19   -50
2013  77 22 20   -50
2013  77 22 21   -50
2013  77 22 22   -50
2013  77 22 23   -50
2013  77 22 24   -50
2013  77 22 25   -50
2013  77 22 26   -50
2013  77 22 27   -50
2013  77 22 28   -50
2013  77 22 29   -50
2013  77 22 30   -50
2013  77 22 31   -51
2013  77 22 32   -51
2013  77 22 33   -50
2013  77 22 34   -50
2013  77 22 35   -50
2013  77 22 36   -50
2013  77 22 37   -49
2013  77 22 38   -50
2013  77 22 39   -49
2013  77 22 40   -49
2013  77 22 41   -49
2013  77 22 42   -49
2013  77 22 43   -49
2013  77 22 44   -48
2013  77 22 45   -48
2013  77 22 46   -48
2013  77 22 47   -47
2013  77 22 48   -47
2013  77 22 49   -48
2013  77 22 50   -48
2013  77 22 51   -48
2013  77 22 52   -48
2013  77 22 53   -48
2013  77 22 54   -48
2013  77 22 55   -48
2013  77 22 56   -49
2013  77 22 57   -49
2013  77 22 58   -49
2013  77 22 59   -50
2013  77 23  0   -50
2013  77 23  1   -50
2013  77 23  2   -50
2013  77 23  3   -50
2013  77 23  4   -50
2013  77 23  5   -50
2013  77 23  6   -50
2013  77 23  7   -50
2013  77 23  8   -50
2013  77 23  9   -50
2013  77 23 10   -50
2013  77 23 11   -50
2013  77 23 12   -50
2013  77 23 13   -50
2013  77 23 14   -50
2013  77 23 15   -50
2013  77 23 16   -50
2013  77 23 17   -50
2013  77 23 18   -50
2013  77 23 19   -50
2013  77 23 20   -50
2013  77 23 21   -50
2013  77 23 22   -50
2013  77 23 23   -50
2013  77 23 24   -50
2013  77 23 25   -50
2013  77 23 26   -50
2013  77 23 27   -50
2013  77 23 28   -50
2013  77 23 29   -50
2013  77 23 30   -49
2013  77 23 31   -49
2013  77 23 32   -49
2013  77 23 33   -49
2013  77 23 34   -49
2013  77 23 35   -49
2013  77 23 36   -49
2013  77 23 37   -49
2013  77 23 38   -49
2013  77 23 39   -49
2013  77 23 40   -48
2013  77 23 41   -48
2013  77 23 42   -48
2013  77 23 43   -48
2013  77 23 44   -48
2013  77 23 45   -48
2013  77 23 46   -48
2013  77 23 47   -48
2013  77 23 48   -48
2013  77 23 49   -48
2013  77 23 50   -49
2013  77 23 51   -49
2013  77 23 52   -49
2013  77 23 53   -49
2013  77 23 54   -49
2013  77 23 55   -49
2013  77 23 56   -49
2013  77 23 57   -49
2013  77 23 58   -49
2013  77 23 59   -49
